{"level":"error","message":"Mongo connection error mongodb+srv URI cannot have port number","service":"identity-service","stack":"MongoParseError: mongodb+srv URI cannot have port number\n    at new ConnectionString (E:\\Tutorial\\course_node_js\\social_media\\identity-service\\node_modules\\mongodb-connection-string-url\\src\\index.ts:201:15)\n    at parseOptions (E:\\Tutorial\\course_node_js\\social_media\\identity-service\\node_modules\\mongodb\\src\\connection_string.ts:261:15)\n    at new MongoClient (E:\\Tutorial\\course_node_js\\social_media\\identity-service\\node_modules\\mongodb\\src\\mongo_client.ts:387:32)\n    at NativeConnection.createClient (E:\\Tutorial\\course_node_js\\social_media\\identity-service\\node_modules\\mongoose\\lib\\drivers\\node-mongodb-native\\connection.js:328:14)\n    at NativeConnection.openUri (E:\\Tutorial\\course_node_js\\social_media\\identity-service\\node_modules\\mongoose\\lib\\connection.js:1071:34)\n    at Mongoose.connect (E:\\Tutorial\\course_node_js\\social_media\\identity-service\\node_modules\\mongoose\\lib\\mongoose.js:446:15)\n    at Object.<anonymous> (E:\\Tutorial\\course_node_js\\social_media\\identity-service\\src\\server.ts:13:10)\n    at Module._compile (node:internal/modules/cjs/loader:1469:14)\n    at Module.m._compile (E:\\Tutorial\\course_node_js\\social_media\\identity-service\\node_modules\\ts-node\\src\\index.ts:1618:23)\n    at Module._extensions..js (node:internal/modules/cjs/loader:1548:10)","timestamp":"2025-03-03T23:15:21.502Z"}
{"errorLabelSet":{},"level":"error","message":"Server selection timed out after 30000 ms","reason":{"commonWireVersion":0,"compatible":true,"heartbeatFrequencyMS":10000,"localThresholdMS":15,"logicalSessionTimeoutMinutes":null,"maxElectionId":null,"maxSetVersion":null,"servers":{},"setName":"repl1","stale":false,"type":"ReplicaSetNoPrimary"},"service":"identity-service","stack":"MongooseServerSelectionError: Server selection timed out after 30000 ms\n    at _handleConnectionErrors (E:\\Tutorial\\course_node_js\\social_media\\identity-service\\node_modules\\mongoose\\lib\\connection.js:1165:11)\n    at NativeConnection.openUri (E:\\Tutorial\\course_node_js\\social_media\\identity-service\\node_modules\\mongoose\\lib\\connection.js:1096:11)","timestamp":"2025-03-03T23:16:30.004Z"}
{"errorLabelSet":{},"level":"error","message":"Server selection timed out after 30000 ms","reason":{"commonWireVersion":0,"compatible":true,"heartbeatFrequencyMS":10000,"localThresholdMS":15,"logicalSessionTimeoutMinutes":null,"maxElectionId":null,"maxSetVersion":null,"servers":{},"setName":"repl1","stale":false,"type":"ReplicaSetNoPrimary"},"service":"identity-service","stack":"MongooseServerSelectionError: Server selection timed out after 30000 ms\n    at _handleConnectionErrors (E:\\Tutorial\\course_node_js\\social_media\\identity-service\\node_modules\\mongoose\\lib\\connection.js:1165:11)\n    at NativeConnection.openUri (E:\\Tutorial\\course_node_js\\social_media\\identity-service\\node_modules\\mongoose\\lib\\connection.js:1096:11)","timestamp":"2025-03-04T01:23:24.704Z"}
{"errorLabelSet":{},"level":"error","message":"Server selection timed out after 30000 ms","reason":{"commonWireVersion":0,"compatible":true,"heartbeatFrequencyMS":10000,"localThresholdMS":15,"logicalSessionTimeoutMinutes":null,"maxElectionId":null,"maxSetVersion":null,"servers":{},"setName":"repl1","stale":false,"type":"ReplicaSetNoPrimary"},"service":"identity-service","stack":"MongooseServerSelectionError: Server selection timed out after 30000 ms\n    at _handleConnectionErrors (E:\\Tutorial\\course_node_js\\social_media\\identity-service\\node_modules\\mongoose\\lib\\connection.js:1165:11)\n    at NativeConnection.openUri (E:\\Tutorial\\course_node_js\\social_media\\identity-service\\node_modules\\mongoose\\lib\\connection.js:1096:11)","timestamp":"2025-03-04T01:27:13.551Z"}
{"errorLabelSet":{},"level":"error","message":"Server selection timed out after 30000 ms","reason":{"commonWireVersion":0,"compatible":true,"heartbeatFrequencyMS":10000,"localThresholdMS":15,"logicalSessionTimeoutMinutes":null,"maxElectionId":null,"maxSetVersion":null,"servers":{},"setName":"repl1","stale":false,"type":"ReplicaSetNoPrimary"},"service":"identity-service","stack":"MongooseServerSelectionError: Server selection timed out after 30000 ms\n    at _handleConnectionErrors (E:\\Tutorial\\course_node_js\\social_media\\identity-service\\node_modules\\mongoose\\lib\\connection.js:1165:11)\n    at NativeConnection.openUri (E:\\Tutorial\\course_node_js\\social_media\\identity-service\\node_modules\\mongoose\\lib\\connection.js:1096:11)","timestamp":"2025-03-04T01:29:10.678Z"}
{"level":"info","message":"Connected to mongodb","service":"identity-service","timestamp":"2025-03-04T01:35:11.127Z"}
{"level":"info","message":"Connected to mongodb","service":"identity-service","timestamp":"2025-03-04T01:36:25.706Z"}
{"level":"info","message":"Connected to mongodb","service":"identity-service","timestamp":"2025-03-04T01:36:56.349Z"}
{"level":"info","message":"Connected to mongodb","service":"identity-service","timestamp":"2025-03-04T01:38:20.512Z"}
{"level":"info","message":"Connected to mongodb","service":"identity-service","timestamp":"2025-03-04T01:42:04.640Z"}
{"level":"info","message":"Connected to mongodb","service":"identity-service","timestamp":"2025-03-04T01:43:15.806Z"}
{"level":"info","message":"Connected to mongodb","service":"identity-service","timestamp":"2025-03-04T01:43:45.413Z"}
{"level":"info","message":"Connected to mongodb","service":"identity-service","timestamp":"2025-03-04T01:43:48.700Z"}
{"level":"info","message":"Connected to mongodb","service":"identity-service","timestamp":"2025-03-04T01:43:50.866Z"}
{"level":"info","message":"Connected to mongodb","service":"identity-service","timestamp":"2025-03-04T01:43:54.653Z"}
{"level":"info","message":"Connected to mongodb","service":"identity-service","timestamp":"2025-03-04T01:43:57.090Z"}
{"level":"info","message":"Connected to mongodb","service":"identity-service","timestamp":"2025-03-04T01:44:03.610Z"}
{"level":"info","message":"Connected to mongodb","service":"identity-service","timestamp":"2025-03-04T01:44:08.655Z"}
{"level":"info","message":"Connected to mongodb","service":"identity-service","timestamp":"2025-03-04T01:44:20.762Z"}
{"level":"info","message":"Connected to mongodb","service":"identity-service","timestamp":"2025-03-04T01:45:04.833Z"}
{"level":"info","message":"Connected to mongodb","service":"identity-service","timestamp":"2025-03-04T01:45:09.622Z"}
{"level":"info","message":"Connected to mongodb","service":"identity-service","timestamp":"2025-03-04T01:45:33.428Z"}
{"level":"info","message":"Connected to mongodb","service":"identity-service","timestamp":"2025-03-04T01:45:36.170Z"}
{"level":"info","message":"Connected to mongodb","service":"identity-service","timestamp":"2025-03-04T01:47:00.156Z"}
{"level":"info","message":"Connected to mongodb","service":"identity-service","timestamp":"2025-03-04T01:51:05.796Z"}
{"level":"info","message":"Connected to mongodb","service":"identity-service","timestamp":"2025-03-05T19:31:36.122Z"}
{"level":"info","message":"Connected to mongodb","service":"identity-service","timestamp":"2025-03-05T19:35:40.292Z"}
{"level":"info","message":"Connected to mongodb","service":"identity-service","timestamp":"2025-03-05T19:35:49.569Z"}
{"level":"info","message":"Connected to mongodb","service":"identity-service","timestamp":"2025-03-05T19:35:52.547Z"}
{"level":"info","message":"Connected to mongodb","service":"identity-service","timestamp":"2025-03-05T19:38:31.729Z"}
{"level":"info","message":"Connected to mongodb","service":"identity-service","timestamp":"2025-03-05T19:38:39.152Z"}
{"level":"info","message":"Connected to mongodb","service":"identity-service","timestamp":"2025-03-05T20:07:39.768Z"}
{"level":"info","message":"Connected to mongodb","service":"identity-service","timestamp":"2025-03-05T20:07:55.393Z"}
{"level":"info","message":"Connected to mongodb","service":"identity-service","timestamp":"2025-03-05T20:14:15.164Z"}
{"level":"info","message":"Connected to mongodb","service":"identity-service","timestamp":"2025-03-05T20:14:18.451Z"}
{"level":"info","message":"Connected to mongodb","service":"identity-service","timestamp":"2025-03-05T20:14:39.192Z"}
{"level":"info","message":"Connected to mongodb","service":"identity-service","timestamp":"2025-03-05T20:15:28.648Z"}
{"level":"info","message":"Connected to mongodb","service":"identity-service","timestamp":"2025-03-05T20:15:38.654Z"}
{"level":"info","message":"Connected to mongodb","service":"identity-service","timestamp":"2025-03-05T20:15:43.436Z"}
{"level":"info","message":"Connected to mongodb","service":"identity-service","timestamp":"2025-03-05T20:16:03.586Z"}
{"level":"info","message":"Connected to mongodb","service":"identity-service","timestamp":"2025-03-05T20:16:28.288Z"}
{"level":"info","message":"Connected to mongodb","service":"identity-service","timestamp":"2025-03-05T20:16:43.461Z"}
{"level":"info","message":"Connected to mongodb","service":"identity-service","timestamp":"2025-03-05T20:16:52.541Z"}
{"level":"info","message":"Connected to mongodb","service":"identity-service","timestamp":"2025-03-05T20:17:13.596Z"}
{"level":"info","message":"Connected to mongodb","service":"identity-service","timestamp":"2025-03-05T20:17:17.866Z"}
{"level":"info","message":"Connected to mongodb","service":"identity-service","timestamp":"2025-03-05T20:21:22.607Z"}
{"level":"info","message":"Connected to mongodb","service":"identity-service","timestamp":"2025-03-05T20:21:55.494Z"}
{"level":"info","message":"Connected to mongodb","service":"identity-service","timestamp":"2025-03-05T20:22:17.071Z"}
{"level":"info","message":"Connected to mongodb","service":"identity-service","timestamp":"2025-03-05T20:22:23.147Z"}
{"level":"info","message":"Connected to mongodb","service":"identity-service","timestamp":"2025-03-05T20:22:33.036Z"}
{"level":"info","message":"Connected to mongodb","service":"identity-service","timestamp":"2025-03-05T20:48:05.028Z"}
{"level":"info","message":"Connected to mongodb","service":"identity-service","timestamp":"2025-03-05T20:49:06.973Z"}
{"level":"info","message":"Connected to mongodb","service":"identity-service","timestamp":"2025-03-05T20:49:20.295Z"}
{"level":"info","message":"Connected to mongodb","service":"identity-service","timestamp":"2025-03-05T20:49:31.211Z"}
{"level":"info","message":"Connected to mongodb","service":"identity-service","timestamp":"2025-03-05T20:49:47.851Z"}
{"level":"info","message":"Connected to mongodb","service":"identity-service","timestamp":"2025-03-05T20:51:04.533Z"}
{"level":"info","message":"Connected to mongodb","service":"identity-service","timestamp":"2025-03-05T21:25:11.225Z"}
{"level":"info","message":"Connected to mongodb","service":"identity-service","timestamp":"2025-03-05T21:25:39.259Z"}
{"level":"info","message":"Idnetity service running one port 3001","service":"identity-service","timestamp":"2025-03-05T21:30:03.777Z"}
{"level":"info","message":"Connected to mongodb","service":"identity-service","timestamp":"2025-03-05T21:30:03.796Z"}
{"level":"info","message":"Idnetity service running one port 3001","service":"identity-service","timestamp":"2025-03-05T21:30:19.587Z"}
{"level":"info","message":"Connected to mongodb","service":"identity-service","timestamp":"2025-03-05T21:30:19.609Z"}
{"level":"info","message":"Idnetity service running one port 3001","service":"identity-service","timestamp":"2025-03-05T21:31:14.066Z"}
{"level":"info","message":"Connected to mongodb","service":"identity-service","timestamp":"2025-03-05T21:31:14.107Z"}
{"level":"info","message":"Idnetity service running one port 3001","service":"identity-service","timestamp":"2025-03-05T21:31:30.611Z"}
{"level":"info","message":"Connected to mongodb","service":"identity-service","timestamp":"2025-03-05T21:31:30.630Z"}
{"level":"info","message":"Idnetity service running one port 3001","service":"identity-service","timestamp":"2025-03-05T21:31:57.512Z"}
{"level":"info","message":"Connected to mongodb","service":"identity-service","timestamp":"2025-03-05T21:31:57.538Z"}
{"level":"info","message":"Idnetity service running one port 3001","service":"identity-service","timestamp":"2025-03-05T21:32:02.087Z"}
{"level":"info","message":"Connected to mongodb","service":"identity-service","timestamp":"2025-03-05T21:32:02.104Z"}
{"level":"info","message":"Idnetity service running one port 3001","service":"identity-service","timestamp":"2025-03-05T21:32:08.532Z"}
{"level":"info","message":"Connected to mongodb","service":"identity-service","timestamp":"2025-03-05T21:32:08.551Z"}
{"level":"info","message":"Idnetity service running one port 3001","service":"identity-service","timestamp":"2025-03-05T21:32:28.650Z"}
{"level":"info","message":"Connected to mongodb","service":"identity-service","timestamp":"2025-03-05T21:32:28.667Z"}
{"level":"info","message":"Idnetity service running one port 3001","service":"identity-service","timestamp":"2025-03-05T21:32:42.596Z"}
{"level":"info","message":"Connected to mongodb","service":"identity-service","timestamp":"2025-03-05T21:32:42.614Z"}
{"level":"info","message":"Received POST request to /api/auth/register","service":"identity-service","timestamp":"2025-03-05T22:11:21.375Z"}
{"level":"info","message":"Request body [object Object]","service":"identity-service","timestamp":"2025-03-05T22:11:21.377Z"}
{"level":"info","message":"Regisration endpoint hit...","service":"identity-service","timestamp":"2025-03-05T22:11:21.381Z"}
{"0":"\"","1":"e","10":" ","11":"r","12":"e","13":"q","14":"u","15":"i","16":"r","17":"e","18":"d","2":"m","3":"a","4":"i","5":"l","6":"\"","7":" ","8":"i","9":"s","level":"warn","message":"Validation error","service":"identity-service","timestamp":"2025-03-05T22:11:21.391Z"}
{"level":"info","message":"Received POST request to /api/auth/register","service":"identity-service","timestamp":"2025-03-05T22:11:57.083Z"}
{"level":"info","message":"Request body [object Object]","service":"identity-service","timestamp":"2025-03-05T22:11:57.084Z"}
{"level":"info","message":"Regisration endpoint hit...","service":"identity-service","timestamp":"2025-03-05T22:11:57.085Z"}
{"0":"\"","1":"e","10":"s","11":"t","12":" ","13":"b","14":"e","15":" ","16":"a","17":" ","18":"v","19":"a","2":"m","20":"l","21":"i","22":"d","23":" ","24":"e","25":"m","26":"a","27":"i","28":"l","3":"a","4":"i","5":"l","6":"\"","7":" ","8":"m","9":"u","level":"warn","message":"Validation error","service":"identity-service","timestamp":"2025-03-05T22:11:57.088Z"}
{"level":"info","message":"Received POST request to /api/auth/register","service":"identity-service","timestamp":"2025-03-05T22:12:04.282Z"}
{"level":"info","message":"Request body [object Object]","service":"identity-service","timestamp":"2025-03-05T22:12:04.283Z"}
{"level":"info","message":"Regisration endpoint hit...","service":"identity-service","timestamp":"2025-03-05T22:12:04.284Z"}
{"0":"\"","1":"p","10":" ","11":"l","12":"e","13":"n","14":"g","15":"t","16":"h","17":" ","18":"m","19":"u","2":"a","20":"s","21":"t","22":" ","23":"b","24":"e","25":" ","26":"a","27":"t","28":" ","29":"l","3":"s","30":"e","31":"a","32":"s","33":"t","34":" ","35":"6","36":" ","37":"c","38":"h","39":"a","4":"s","40":"r","41":"a","42":"c","43":"t","44":"e","45":"r","46":"s","47":" ","48":"l","49":"o","5":"w","50":"n","51":"g","6":"o","7":"r","8":"d","9":"\"","level":"warn","message":"Validation error","service":"identity-service","timestamp":"2025-03-05T22:12:04.286Z"}
{"level":"info","message":"Received POST request to /api/auth/register","service":"identity-service","timestamp":"2025-03-05T22:12:11.772Z"}
{"level":"info","message":"Request body [object Object]","service":"identity-service","timestamp":"2025-03-05T22:12:11.773Z"}
{"level":"info","message":"Regisration endpoint hit...","service":"identity-service","timestamp":"2025-03-05T22:12:11.774Z"}
{"_message":"User validation failed","errors":{"username":{"kind":"required","message":"Path `username` is required.","name":"ValidatorError","path":"username","properties":{"message":"Path `username` is required.","path":"username","type":"required"}}},"level":"error","message":"Registration error occured User validation failed: username: Path `username` is required.","service":"identity-service","stack":"ValidationError: User validation failed: username: Path `username` is required.\n    at model.Document.invalidate (E:\\Tutorial\\course_node_js\\social_media\\identity-service\\node_modules\\mongoose\\lib\\document.js:3329:32)\n    at E:\\Tutorial\\course_node_js\\social_media\\identity-service\\node_modules\\mongoose\\lib\\document.js:3090:17\n    at E:\\Tutorial\\course_node_js\\social_media\\identity-service\\node_modules\\mongoose\\lib\\schemaType.js:1407:9\n    at processTicksAndRejections (node:internal/process/task_queues:77:11)","timestamp":"2025-03-05T22:12:11.842Z"}
{"level":"info","message":"Received POST request to /api/auth/register","service":"identity-service","timestamp":"2025-03-05T22:12:39.433Z"}
{"level":"info","message":"Request body [object Object]","service":"identity-service","timestamp":"2025-03-05T22:12:39.434Z"}
{"level":"info","message":"Regisration endpoint hit...","service":"identity-service","timestamp":"2025-03-05T22:12:39.435Z"}
{"buffer":{"data":[103,200,204,87,165,203,50,226,249,3,96,163],"type":"Buffer"},"level":"warn","message":"User saved successfully","service":"identity-service","timestamp":"2025-03-05T22:12:39.578Z"}
{"level":"info","message":"Received POST request to /api/auth/register","service":"identity-service","timestamp":"2025-03-05T22:14:01.036Z"}
{"level":"info","message":"Request body [object Object]","service":"identity-service","timestamp":"2025-03-05T22:14:01.037Z"}
{"level":"info","message":"Regisration endpoint hit...","service":"identity-service","timestamp":"2025-03-05T22:14:01.038Z"}
{"0":"\"","1":"e","10":" ","11":"r","12":"e","13":"q","14":"u","15":"i","16":"r","17":"e","18":"d","2":"m","3":"a","4":"i","5":"l","6":"\"","7":" ","8":"i","9":"s","level":"warn","message":"Validation error","service":"identity-service","timestamp":"2025-03-05T22:14:01.040Z"}
{"level":"info","message":"Received POST request to /api/auth/register","service":"identity-service","timestamp":"2025-03-05T22:14:05.347Z"}
{"level":"info","message":"Request body [object Object]","service":"identity-service","timestamp":"2025-03-05T22:14:05.348Z"}
{"level":"info","message":"Regisration endpoint hit...","service":"identity-service","timestamp":"2025-03-05T22:14:05.350Z"}
{"level":"warn","message":"User already exists","service":"identity-service","timestamp":"2025-03-05T22:14:05.356Z"}
{"level":"info","message":"Idnetity service running one port 3001","service":"identity-service","timestamp":"2025-03-05T22:14:45.891Z"}
{"level":"info","message":"Connected to mongodb","service":"identity-service","timestamp":"2025-03-05T22:14:45.909Z"}
{"level":"info","message":"Idnetity service running one port 3001","service":"identity-service","timestamp":"2025-03-06T01:31:04.633Z"}
{"level":"info","message":"Connected to mongodb","service":"identity-service","timestamp":"2025-03-06T01:31:04.656Z"}
{"level":"info","message":"Idnetity service running one port 3001","service":"identity-service","timestamp":"2025-03-06T01:32:05.304Z"}
{"level":"info","message":"Connected to mongodb","service":"identity-service","timestamp":"2025-03-06T01:32:05.333Z"}
{"level":"info","message":"Received GET request to /","service":"identity-service","timestamp":"2025-03-06T20:47:47.923Z"}
{"level":"info","message":"Request body [object Object]","service":"identity-service","timestamp":"2025-03-06T20:47:47.936Z"}
{"level":"info","message":"Received GET request to /","service":"identity-service","timestamp":"2025-03-06T20:48:20.613Z"}
{"level":"info","message":"Request body [object Object]","service":"identity-service","timestamp":"2025-03-06T20:48:20.613Z"}
{"level":"info","message":"Received GET request to /","service":"identity-service","timestamp":"2025-03-06T20:48:22.471Z"}
{"level":"info","message":"Request body [object Object]","service":"identity-service","timestamp":"2025-03-06T20:48:22.471Z"}
{"level":"info","message":"Received GET request to /","service":"identity-service","timestamp":"2025-03-06T20:48:22.786Z"}
{"level":"info","message":"Request body [object Object]","service":"identity-service","timestamp":"2025-03-06T20:48:22.787Z"}
{"level":"info","message":"Received GET request to /","service":"identity-service","timestamp":"2025-03-06T20:48:22.945Z"}
{"level":"info","message":"Request body [object Object]","service":"identity-service","timestamp":"2025-03-06T20:48:22.946Z"}
{"level":"info","message":"Idnetity service running one port 3001","service":"identity-service","timestamp":"2025-03-06T20:58:04.041Z"}
{"level":"info","message":"Connected to mongodb","service":"identity-service","timestamp":"2025-03-06T20:58:04.060Z"}
{"level":"info","message":"Received POST request to http://localhost:3001/auth/register","service":"identity-service","timestamp":"2025-03-06T20:59:18.621Z"}
{"level":"info","message":"Request body [object Object]","service":"identity-service","timestamp":"2025-03-06T20:59:18.623Z"}
{"level":"info","message":"Received POST request to http://localhost:3001/auth/register","service":"identity-service","timestamp":"2025-03-06T22:03:45.033Z"}
{"level":"info","message":"Request body [object Object]","service":"identity-service","timestamp":"2025-03-06T22:03:45.035Z"}
{"level":"info","message":"Received POST request to http://localhost:3001/auth/register","service":"identity-service","timestamp":"2025-03-06T22:03:58.839Z"}
{"level":"info","message":"Request body [object Object]","service":"identity-service","timestamp":"2025-03-06T22:03:58.839Z"}
{"level":"info","message":"Received POST request to /api/auth/register","service":"identity-service","timestamp":"2025-03-06T22:25:26.162Z"}
{"level":"info","message":"Request body [object Object]","service":"identity-service","timestamp":"2025-03-06T22:25:26.164Z"}
{"level":"info","message":"Regisration endpoint hit...","service":"identity-service","timestamp":"2025-03-06T22:25:26.172Z"}
{"level":"warn","message":"User already exists","service":"identity-service","timestamp":"2025-03-06T22:25:26.270Z"}
{"level":"info","message":"Received POST request to /api/auth/register","service":"identity-service","timestamp":"2025-03-06T23:26:37.060Z"}
{"level":"info","message":"Request body [object Object]","service":"identity-service","timestamp":"2025-03-06T23:26:37.063Z"}
{"level":"info","message":"Regisration endpoint hit...","service":"identity-service","timestamp":"2025-03-06T23:26:37.064Z"}
{"level":"warn","message":"User already exists","service":"identity-service","timestamp":"2025-03-06T23:26:37.078Z"}
{"level":"info","message":"Received POST request to /api/auth/register","service":"identity-service","timestamp":"2025-03-07T01:31:58.315Z"}
{"level":"info","message":"Request body [object Object]","service":"identity-service","timestamp":"2025-03-07T01:31:58.316Z"}
{"level":"info","message":"Regisration endpoint hit...","service":"identity-service","timestamp":"2025-03-07T01:31:58.320Z"}
{"level":"warn","message":"User already exists","service":"identity-service","timestamp":"2025-03-07T01:31:58.333Z"}
{"level":"info","message":"Idnetity service running one port 3001","service":"identity-service","timestamp":"2025-03-07T01:34:11.563Z"}
{"level":"info","message":"Connected to mongodb","service":"identity-service","timestamp":"2025-03-07T01:34:11.585Z"}
{"level":"info","message":"Idnetity service running one port 3001","service":"identity-service","timestamp":"2025-03-07T01:34:29.191Z"}
{"level":"info","message":"Connected to mongodb","service":"identity-service","timestamp":"2025-03-07T01:34:29.208Z"}
{"level":"info","message":"Idnetity service running one port 3001","service":"identity-service","timestamp":"2025-03-07T01:34:49.419Z"}
{"level":"info","message":"Connected to mongodb","service":"identity-service","timestamp":"2025-03-07T01:34:49.439Z"}
{"level":"info","message":"Received POST request to /api/auth/registeraa","service":"identity-service","timestamp":"2025-03-07T02:55:54.425Z"}
{"level":"info","message":"Request body [object Object]","service":"identity-service","timestamp":"2025-03-07T02:55:54.427Z"}
<<<<<<< HEAD
{"level":"info","message":"Idnetity service running one port 3001","service":"identity-service","timestamp":"2025-03-09T18:15:49.041Z"}
{"level":"info","message":"Connected to mongodb","service":"identity-service","timestamp":"2025-03-09T18:15:49.079Z"}
{"level":"info","message":"Idnetity service running one port 3001","service":"identity-service","timestamp":"2025-03-09T18:16:01.041Z"}
{"level":"info","message":"Connected to mongodb","service":"identity-service","timestamp":"2025-03-09T18:16:01.058Z"}
{"level":"info","message":"Idnetity service running one port 3001","service":"identity-service","timestamp":"2025-03-09T18:16:14.966Z"}
{"level":"info","message":"Connected to mongodb","service":"identity-service","timestamp":"2025-03-09T18:16:14.982Z"}
{"level":"info","message":"Idnetity service running one port 3001","service":"identity-service","timestamp":"2025-03-09T18:16:27.651Z"}
{"level":"info","message":"Connected to mongodb","service":"identity-service","timestamp":"2025-03-09T18:16:27.667Z"}
{"level":"info","message":"Idnetity service running one port 3001","service":"identity-service","timestamp":"2025-03-09T18:16:57.222Z"}
{"level":"info","message":"Connected to mongodb","service":"identity-service","timestamp":"2025-03-09T18:16:57.236Z"}
{"level":"info","message":"Received POST request to /api/auth/login","service":"identity-service","timestamp":"2025-03-09T18:17:02.761Z"}
{"level":"info","message":"Request body [object Object]","service":"identity-service","timestamp":"2025-03-09T18:17:02.762Z"}
{"level":"info","message":"Idnetity service running one port 3001","service":"identity-service","timestamp":"2025-03-09T18:21:39.669Z"}
{"level":"info","message":"Connected to mongodb","service":"identity-service","timestamp":"2025-03-09T18:21:39.690Z"}
{"level":"info","message":"Received POST request to /api/auth/login","service":"identity-service","timestamp":"2025-03-09T18:21:44.151Z"}
{"level":"info","message":"Request body [object Object]","service":"identity-service","timestamp":"2025-03-09T18:21:44.152Z"}
{"level":"info","message":"Idnetity service running one port 3001","service":"identity-service","timestamp":"2025-03-09T20:58:46.557Z"}
{"level":"info","message":"Connected to mongodb","service":"identity-service","timestamp":"2025-03-09T20:58:46.571Z"}
{"level":"info","message":"Received POST request to /api/auth/login","service":"identity-service","timestamp":"2025-03-09T20:58:47.779Z"}
{"level":"info","message":"Request body {\"email\":\"abdalrahman@gmail.com\",\"password\":\"123456\"}","service":"identity-service","timestamp":"2025-03-09T20:58:47.780Z"}
{"level":"info","message":"Received POST request to /api/auth/login","service":"identity-service","timestamp":"2025-03-09T20:58:51.393Z"}
{"level":"info","message":"Request body {\"email\":\"abdalrahman@gmail.com\",\"password\":\"123456\"}","service":"identity-service","timestamp":"2025-03-09T20:58:51.394Z"}
{"level":"info","message":"Received POST request to /api/auth/login","service":"identity-service","timestamp":"2025-03-09T20:58:57.186Z"}
{"level":"info","message":"Request body {\"email\":\"abdalrahman@gmail.com\",\"password\":\"123456\"}","service":"identity-service","timestamp":"2025-03-09T20:58:57.187Z"}
{"level":"info","message":"Received POST request to /api/auth/login","service":"identity-service","timestamp":"2025-03-09T20:59:14.498Z"}
{"level":"info","message":"Request body {\"email\":\"abdalrahman@gmail.com\",\"password\":\"123456\"}","service":"identity-service","timestamp":"2025-03-09T20:59:14.499Z"}
{"level":"info","message":"Received POST request to /api/auth/login","service":"identity-service","timestamp":"2025-03-09T21:00:18.708Z"}
{"level":"info","message":"Request body {\"email\":\"abdalrahman@gmail.com\",\"password\":\"123456\"}","service":"identity-service","timestamp":"2025-03-09T21:00:18.708Z"}
{"level":"info","message":"Idnetity service running one port 3001","service":"identity-service","timestamp":"2025-03-09T21:00:32.303Z"}
{"level":"info","message":"Connected to mongodb","service":"identity-service","timestamp":"2025-03-09T21:00:32.328Z"}
=======
{"level":"info","message":"Idnetity service running one port 3001","service":"identity-service","timestamp":"2025-03-08T02:30:21.417Z"}
{"level":"info","message":"Connected to mongodb","service":"identity-service","timestamp":"2025-03-08T02:30:21.432Z"}
{"level":"info","message":"Idnetity service running one port 3001","service":"identity-service","timestamp":"2025-03-08T02:33:55.231Z"}
{"level":"info","message":"Connected to mongodb","service":"identity-service","timestamp":"2025-03-08T02:33:55.249Z"}
{"level":"info","message":"Idnetity service running one port 3001","service":"identity-service","timestamp":"2025-03-08T02:34:14.383Z"}
{"level":"info","message":"Connected to mongodb","service":"identity-service","timestamp":"2025-03-08T02:34:14.399Z"}
{"level":"info","message":"Idnetity service running one port 3001","service":"identity-service","timestamp":"2025-03-08T02:34:47.735Z"}
{"level":"info","message":"Connected to mongodb","service":"identity-service","timestamp":"2025-03-08T02:34:47.754Z"}
{"level":"info","message":"Idnetity service running one port 3001","service":"identity-service","timestamp":"2025-03-08T02:35:57.199Z"}
{"level":"info","message":"Connected to mongodb","service":"identity-service","timestamp":"2025-03-08T02:35:57.218Z"}
{"level":"info","message":"Idnetity service running one port 3001","service":"identity-service","timestamp":"2025-03-08T02:36:03.960Z"}
{"level":"info","message":"Connected to mongodb","service":"identity-service","timestamp":"2025-03-08T02:36:03.990Z"}
{"level":"info","message":"Idnetity service running one port 3001","service":"identity-service","timestamp":"2025-03-08T02:36:07.196Z"}
{"level":"info","message":"Connected to mongodb","service":"identity-service","timestamp":"2025-03-08T02:36:07.214Z"}
{"level":"info","message":"Idnetity service running one port 3001","service":"identity-service","timestamp":"2025-03-08T02:36:24.449Z"}
{"level":"info","message":"Connected to mongodb","service":"identity-service","timestamp":"2025-03-08T02:36:24.473Z"}
{"level":"info","message":"Idnetity service running one port 3001","service":"identity-service","timestamp":"2025-03-08T02:36:43.823Z"}
{"level":"info","message":"Connected to mongodb","service":"identity-service","timestamp":"2025-03-08T02:36:43.841Z"}
{"level":"info","message":"Idnetity service running one port 3001","service":"identity-service","timestamp":"2025-03-08T02:36:48.933Z"}
{"level":"info","message":"Connected to mongodb","service":"identity-service","timestamp":"2025-03-08T02:36:48.952Z"}
{"level":"info","message":"Idnetity service running one port 3001","service":"identity-service","timestamp":"2025-03-08T02:36:58.547Z"}
{"level":"info","message":"Connected to mongodb","service":"identity-service","timestamp":"2025-03-08T02:36:58.571Z"}
{"level":"info","message":"Idnetity service running one port 3001","service":"identity-service","timestamp":"2025-03-08T02:37:10.294Z"}
{"level":"info","message":"Connected to mongodb","service":"identity-service","timestamp":"2025-03-08T02:37:10.320Z"}
{"level":"info","message":"Idnetity service running one port 3001","service":"identity-service","timestamp":"2025-03-08T02:37:20.561Z"}
{"level":"info","message":"Connected to mongodb","service":"identity-service","timestamp":"2025-03-08T02:37:20.582Z"}
{"level":"info","message":"Idnetity service running one port 3001","service":"identity-service","timestamp":"2025-03-08T02:38:23.017Z"}
{"level":"info","message":"Connected to mongodb","service":"identity-service","timestamp":"2025-03-08T02:38:23.040Z"}
{"level":"info","message":"Idnetity service running one port 3001","service":"identity-service","timestamp":"2025-03-08T02:38:28.539Z"}
{"level":"info","message":"Connected to mongodb","service":"identity-service","timestamp":"2025-03-08T02:38:28.557Z"}
{"level":"info","message":"Idnetity service running one port 3001","service":"identity-service","timestamp":"2025-03-08T02:38:44.288Z"}
{"level":"info","message":"Connected to mongodb","service":"identity-service","timestamp":"2025-03-08T02:38:44.322Z"}
{"level":"info","message":"Idnetity service running one port 3001","service":"identity-service","timestamp":"2025-03-08T02:38:47.906Z"}
{"level":"info","message":"Connected to mongodb","service":"identity-service","timestamp":"2025-03-08T02:38:47.924Z"}
{"level":"info","message":"Idnetity service running one port 3001","service":"identity-service","timestamp":"2025-03-08T02:39:02.766Z"}
{"level":"info","message":"Connected to mongodb","service":"identity-service","timestamp":"2025-03-08T02:39:02.783Z"}
{"level":"info","message":"Idnetity service running one port 3001","service":"identity-service","timestamp":"2025-03-08T02:39:14.526Z"}
{"level":"info","message":"Connected to mongodb","service":"identity-service","timestamp":"2025-03-08T02:39:14.544Z"}
{"level":"info","message":"Idnetity service running one port 3001","service":"identity-service","timestamp":"2025-03-08T02:39:26.425Z"}
{"level":"info","message":"Connected to mongodb","service":"identity-service","timestamp":"2025-03-08T02:39:26.440Z"}
{"level":"info","message":"Idnetity service running one port 3001","service":"identity-service","timestamp":"2025-03-08T02:39:48.675Z"}
{"level":"info","message":"Connected to mongodb","service":"identity-service","timestamp":"2025-03-08T02:39:48.695Z"}
{"level":"info","message":"Idnetity service running one port 3001","service":"identity-service","timestamp":"2025-03-08T02:40:00.644Z"}
{"level":"info","message":"Connected to mongodb","service":"identity-service","timestamp":"2025-03-08T02:40:00.664Z"}
{"level":"info","message":"Idnetity service running one port 3001","service":"identity-service","timestamp":"2025-03-08T02:40:14.446Z"}
{"level":"info","message":"Connected to mongodb","service":"identity-service","timestamp":"2025-03-08T02:40:14.472Z"}
{"level":"info","message":"Idnetity service running one port 3001","service":"identity-service","timestamp":"2025-03-08T02:40:23.358Z"}
{"level":"info","message":"Connected to mongodb","service":"identity-service","timestamp":"2025-03-08T02:40:23.379Z"}
{"level":"info","message":"Idnetity service running one port 3001","service":"identity-service","timestamp":"2025-03-08T02:40:47.442Z"}
{"level":"info","message":"Connected to mongodb","service":"identity-service","timestamp":"2025-03-08T02:40:47.465Z"}
{"level":"info","message":"Idnetity service running one port 3001","service":"identity-service","timestamp":"2025-03-08T02:40:56.578Z"}
{"level":"info","message":"Connected to mongodb","service":"identity-service","timestamp":"2025-03-08T02:40:56.597Z"}
{"level":"info","message":"Idnetity service running one port 3001","service":"identity-service","timestamp":"2025-03-08T02:41:15.298Z"}
{"level":"info","message":"Connected to mongodb","service":"identity-service","timestamp":"2025-03-08T02:41:15.318Z"}
{"level":"info","message":"Idnetity service running one port 3001","service":"identity-service","timestamp":"2025-03-08T02:41:27.960Z"}
{"level":"info","message":"Connected to mongodb","service":"identity-service","timestamp":"2025-03-08T02:41:27.980Z"}
{"level":"info","message":"Idnetity service running one port 3001","service":"identity-service","timestamp":"2025-03-08T02:44:50.435Z"}
{"level":"info","message":"Connected to mongodb","service":"identity-service","timestamp":"2025-03-08T02:44:50.451Z"}
{"level":"info","message":"Idnetity service running one port 3001","service":"identity-service","timestamp":"2025-03-08T02:44:59.091Z"}
{"level":"info","message":"Idnetity service running one port 3001","service":"identity-service","timestamp":"2025-03-08T02:45:13.137Z"}
{"level":"info","message":"Connected to mongodb","service":"identity-service","timestamp":"2025-03-08T02:45:13.156Z"}
{"level":"info","message":"Idnetity service running one port 3001","service":"identity-service","timestamp":"2025-03-08T02:45:22.809Z"}
{"level":"info","message":"Connected to mongodb","service":"identity-service","timestamp":"2025-03-08T02:45:22.833Z"}
{"level":"info","message":"Idnetity service running one port 3001","service":"identity-service","timestamp":"2025-03-08T02:45:34.757Z"}
{"level":"info","message":"Idnetity service running one port 3001","service":"identity-service","timestamp":"2025-03-08T02:45:38.754Z"}
{"level":"info","message":"Connected to mongodb","service":"identity-service","timestamp":"2025-03-08T02:45:38.770Z"}
{"level":"info","message":"Idnetity service running one port 3001","service":"identity-service","timestamp":"2025-03-08T02:45:59.292Z"}
{"level":"info","message":"Connected to mongodb","service":"identity-service","timestamp":"2025-03-08T02:45:59.311Z"}
{"level":"info","message":"Idnetity service running one port 3001","service":"identity-service","timestamp":"2025-03-08T02:49:30.447Z"}
{"level":"info","message":"Connected to mongodb","service":"identity-service","timestamp":"2025-03-08T02:49:30.464Z"}
{"level":"info","message":"Idnetity service running one port 3001","service":"identity-service","timestamp":"2025-03-08T02:49:40.203Z"}
{"level":"info","message":"Connected to mongodb","service":"identity-service","timestamp":"2025-03-08T02:49:40.217Z"}
{"level":"info","message":"Idnetity service running one port 3001","service":"identity-service","timestamp":"2025-03-08T02:49:48.075Z"}
{"level":"info","message":"Connected to mongodb","service":"identity-service","timestamp":"2025-03-08T02:49:48.095Z"}
{"level":"info","message":"Idnetity service running one port 3001","service":"identity-service","timestamp":"2025-03-08T02:49:53.388Z"}
{"level":"info","message":"Connected to mongodb","service":"identity-service","timestamp":"2025-03-08T02:49:53.406Z"}
{"level":"info","message":"Idnetity service running one port 3001","service":"identity-service","timestamp":"2025-03-08T02:52:03.689Z"}
{"level":"info","message":"Connected to mongodb","service":"identity-service","timestamp":"2025-03-08T02:52:03.708Z"}
{"level":"info","message":"Idnetity service running one port 3001","service":"identity-service","timestamp":"2025-03-08T02:52:20.024Z"}
{"level":"info","message":"Connected to mongodb","service":"identity-service","timestamp":"2025-03-08T02:52:20.061Z"}
{"level":"info","message":"Idnetity service running one port 3001","service":"identity-service","timestamp":"2025-03-08T02:52:29.529Z"}
{"level":"info","message":"Connected to mongodb","service":"identity-service","timestamp":"2025-03-08T02:52:29.551Z"}
{"level":"info","message":"Idnetity service running one port 3001","service":"identity-service","timestamp":"2025-03-08T02:52:35.863Z"}
{"level":"info","message":"Connected to mongodb","service":"identity-service","timestamp":"2025-03-08T02:52:35.890Z"}
{"level":"info","message":"Idnetity service running one port 3001","service":"identity-service","timestamp":"2025-03-08T02:52:52.358Z"}
{"level":"info","message":"Connected to mongodb","service":"identity-service","timestamp":"2025-03-08T02:52:52.377Z"}
{"level":"info","message":"Idnetity service running one port 3001","service":"identity-service","timestamp":"2025-03-08T02:53:05.693Z"}
{"level":"info","message":"Connected to mongodb","service":"identity-service","timestamp":"2025-03-08T02:53:05.716Z"}
{"level":"info","message":"Idnetity service running one port 3001","service":"identity-service","timestamp":"2025-03-08T02:53:39.821Z"}
{"level":"info","message":"Connected to mongodb","service":"identity-service","timestamp":"2025-03-08T02:53:39.838Z"}
{"level":"info","message":"Idnetity service running one port 3001","service":"identity-service","timestamp":"2025-03-08T02:54:13.933Z"}
{"level":"info","message":"Connected to mongodb","service":"identity-service","timestamp":"2025-03-08T02:54:13.952Z"}
{"level":"info","message":"Idnetity service running one port 3001","service":"identity-service","timestamp":"2025-03-08T02:54:23.425Z"}
{"level":"info","message":"Connected to mongodb","service":"identity-service","timestamp":"2025-03-08T02:54:23.447Z"}
{"level":"info","message":"Received POST request to /api/auth/login","service":"identity-service","timestamp":"2025-03-08T02:56:06.908Z"}
{"level":"info","message":"Request body [object Object]","service":"identity-service","timestamp":"2025-03-08T02:56:06.909Z"}
{"0":"\"","1":"u","10":" ","11":"i","12":"s","13":" ","14":"n","15":"o","16":"t","17":" ","18":"a","19":"l","2":"s","20":"l","21":"o","22":"w","23":"e","24":"d","3":"e","4":"r","5":"n","6":"a","7":"m","8":"e","9":"\"","level":"warn","message":"Validation error","service":"identity-service","timestamp":"2025-03-08T02:56:06.917Z"}
{"level":"info","message":"Received POST request to /api/auth/login","service":"identity-service","timestamp":"2025-03-08T02:56:47.596Z"}
{"level":"info","message":"Request body [object Object]","service":"identity-service","timestamp":"2025-03-08T02:56:47.597Z"}
{"level":"error","message":"Login error occured user.comparePassword is not a function","service":"identity-service","stack":"TypeError: user.comparePassword is not a function\n    at E:\\Tutorial\\course_node_js\\social_media\\identity-service\\src\\controller\\identity.controller.ts:73:44\n    at Generator.next (<anonymous>)\n    at E:\\Tutorial\\course_node_js\\social_media\\identity-service\\src\\controller\\identity.controller.ts:8:71\n    at new Promise (<anonymous>)\n    at __awaiter (E:\\Tutorial\\course_node_js\\social_media\\identity-service\\src\\controller\\identity.controller.ts:4:12)\n    at loginUser (E:\\Tutorial\\course_node_js\\social_media\\identity-service\\src\\controller\\identity.controller.ts:52:44)\n    at Layer.handle [as handle_request] (E:\\Tutorial\\course_node_js\\social_media\\identity-service\\node_modules\\express\\lib\\router\\layer.js:95:5)\n    at next (E:\\Tutorial\\course_node_js\\social_media\\identity-service\\node_modules\\express\\lib\\router\\route.js:149:13)\n    at Route.dispatch (E:\\Tutorial\\course_node_js\\social_media\\identity-service\\node_modules\\express\\lib\\router\\route.js:119:3)\n    at Layer.handle [as handle_request] (E:\\Tutorial\\course_node_js\\social_media\\identity-service\\node_modules\\express\\lib\\router\\layer.js:95:5)","timestamp":"2025-03-08T02:56:47.603Z"}
{"level":"info","message":"Received POST request to /api/auth/login","service":"identity-service","timestamp":"2025-03-08T02:56:55.055Z"}
{"level":"info","message":"Request body [object Object]","service":"identity-service","timestamp":"2025-03-08T02:56:55.055Z"}
{"level":"error","message":"Login error occured user.comparePassword is not a function","service":"identity-service","stack":"TypeError: user.comparePassword is not a function\n    at E:\\Tutorial\\course_node_js\\social_media\\identity-service\\src\\controller\\identity.controller.ts:73:44\n    at Generator.next (<anonymous>)\n    at E:\\Tutorial\\course_node_js\\social_media\\identity-service\\src\\controller\\identity.controller.ts:8:71\n    at new Promise (<anonymous>)\n    at __awaiter (E:\\Tutorial\\course_node_js\\social_media\\identity-service\\src\\controller\\identity.controller.ts:4:12)\n    at loginUser (E:\\Tutorial\\course_node_js\\social_media\\identity-service\\src\\controller\\identity.controller.ts:52:44)\n    at Layer.handle [as handle_request] (E:\\Tutorial\\course_node_js\\social_media\\identity-service\\node_modules\\express\\lib\\router\\layer.js:95:5)\n    at next (E:\\Tutorial\\course_node_js\\social_media\\identity-service\\node_modules\\express\\lib\\router\\route.js:149:13)\n    at Route.dispatch (E:\\Tutorial\\course_node_js\\social_media\\identity-service\\node_modules\\express\\lib\\router\\route.js:119:3)\n    at Layer.handle [as handle_request] (E:\\Tutorial\\course_node_js\\social_media\\identity-service\\node_modules\\express\\lib\\router\\layer.js:95:5)","timestamp":"2025-03-08T02:56:55.057Z"}
{"level":"info","message":"Idnetity service running one port 3001","service":"identity-service","timestamp":"2025-03-08T02:58:33.832Z"}
{"level":"info","message":"Connected to mongodb","service":"identity-service","timestamp":"2025-03-08T02:58:33.847Z"}
{"level":"info","message":"Idnetity service running one port 3001","service":"identity-service","timestamp":"2025-03-08T03:01:48.356Z"}
{"level":"info","message":"Connected to mongodb","service":"identity-service","timestamp":"2025-03-08T03:01:48.373Z"}
{"level":"info","message":"Received POST request to /api/auth/login","service":"identity-service","timestamp":"2025-03-08T03:01:50.372Z"}
{"level":"info","message":"Request body [object Object]","service":"identity-service","timestamp":"2025-03-08T03:01:50.373Z"}
{"level":"info","message":"Received POST request to /api/auth/login","service":"identity-service","timestamp":"2025-03-08T03:02:05.802Z"}
{"level":"info","message":"Request body [object Object]","service":"identity-service","timestamp":"2025-03-08T03:02:05.803Z"}
{"0":"\"","1":"p","10":" ","11":"l","12":"e","13":"n","14":"g","15":"t","16":"h","17":" ","18":"m","19":"u","2":"a","20":"s","21":"t","22":" ","23":"b","24":"e","25":" ","26":"a","27":"t","28":" ","29":"l","3":"s","30":"e","31":"a","32":"s","33":"t","34":" ","35":"6","36":" ","37":"c","38":"h","39":"a","4":"s","40":"r","41":"a","42":"c","43":"t","44":"e","45":"r","46":"s","47":" ","48":"l","49":"o","5":"w","50":"n","51":"g","6":"o","7":"r","8":"d","9":"\"","level":"warn","message":"Validation error","service":"identity-service","timestamp":"2025-03-08T03:02:05.806Z"}
{"level":"info","message":"Received POST request to /api/auth/login","service":"identity-service","timestamp":"2025-03-08T03:02:10.758Z"}
{"level":"info","message":"Request body [object Object]","service":"identity-service","timestamp":"2025-03-08T03:02:10.759Z"}
{"level":"warn","message":"Invalid password","service":"identity-service","timestamp":"2025-03-08T03:02:10.868Z"}
{"level":"info","message":"Idnetity service running one port 3001","service":"identity-service","timestamp":"2025-03-08T03:04:54.124Z"}
{"level":"info","message":"Connected to mongodb","service":"identity-service","timestamp":"2025-03-08T03:04:54.138Z"}
{"level":"info","message":"Received POST request to /api/auth/login","service":"identity-service","timestamp":"2025-03-08T03:04:54.802Z"}
{"level":"info","message":"Request body {\"email\":\"abdalrahman@gmail.com\",\"password\":\"123456\"}","service":"identity-service","timestamp":"2025-03-08T03:04:54.803Z"}
{"level":"info","message":"Idnetity service running one port 3001","service":"identity-service","timestamp":"2025-03-08T03:32:39.792Z"}
{"level":"info","message":"Connected to mongodb","service":"identity-service","timestamp":"2025-03-08T03:32:39.809Z"}
{"level":"info","message":"Idnetity service running one port 3001","service":"identity-service","timestamp":"2025-03-08T03:32:43.881Z"}
{"level":"info","message":"Connected to mongodb","service":"identity-service","timestamp":"2025-03-08T03:32:43.902Z"}
{"level":"info","message":"Idnetity service running one port 3001","service":"identity-service","timestamp":"2025-03-08T03:32:55.616Z"}
{"level":"info","message":"Connected to mongodb","service":"identity-service","timestamp":"2025-03-08T03:32:55.630Z"}
{"level":"info","message":"Idnetity service running one port 3001","service":"identity-service","timestamp":"2025-03-08T03:33:19.538Z"}
{"level":"info","message":"Idnetity service running one port 3001","service":"identity-service","timestamp":"2025-03-08T03:33:23.828Z"}
{"level":"info","message":"Connected to mongodb","service":"identity-service","timestamp":"2025-03-08T03:33:23.852Z"}
{"level":"info","message":"Idnetity service running one port 3001","service":"identity-service","timestamp":"2025-03-08T03:33:26.992Z"}
{"level":"info","message":"Connected to mongodb","service":"identity-service","timestamp":"2025-03-08T03:33:27.010Z"}
{"level":"info","message":"Idnetity service running one port 3001","service":"identity-service","timestamp":"2025-03-08T03:33:36.164Z"}
{"level":"info","message":"Connected to mongodb","service":"identity-service","timestamp":"2025-03-08T03:33:36.179Z"}
{"level":"info","message":"Idnetity service running one port 3001","service":"identity-service","timestamp":"2025-03-08T03:33:43.713Z"}
{"level":"info","message":"Connected to mongodb","service":"identity-service","timestamp":"2025-03-08T03:33:43.731Z"}
{"level":"info","message":"Idnetity service running one port 3001","service":"identity-service","timestamp":"2025-03-08T03:33:48.623Z"}
{"level":"info","message":"Connected to mongodb","service":"identity-service","timestamp":"2025-03-08T03:33:48.639Z"}
{"level":"info","message":"Idnetity service running one port 3001","service":"identity-service","timestamp":"2025-03-08T03:34:04.492Z"}
{"level":"info","message":"Connected to mongodb","service":"identity-service","timestamp":"2025-03-08T03:34:04.508Z"}
{"level":"info","message":"Idnetity service running one port 3001","service":"identity-service","timestamp":"2025-03-08T03:34:11.589Z"}
{"level":"info","message":"Connected to mongodb","service":"identity-service","timestamp":"2025-03-08T03:34:11.606Z"}
{"level":"info","message":"Idnetity service running one port 3001","service":"identity-service","timestamp":"2025-03-08T03:34:19.814Z"}
{"level":"info","message":"Connected to mongodb","service":"identity-service","timestamp":"2025-03-08T03:34:19.834Z"}
{"level":"info","message":"Idnetity service running one port 3001","service":"identity-service","timestamp":"2025-03-08T03:34:23.624Z"}
{"level":"info","message":"Connected to mongodb","service":"identity-service","timestamp":"2025-03-08T03:34:23.643Z"}
{"level":"info","message":"Idnetity service running one port 3001","service":"identity-service","timestamp":"2025-03-08T03:34:34.316Z"}
{"level":"info","message":"Connected to mongodb","service":"identity-service","timestamp":"2025-03-08T03:34:34.335Z"}
{"level":"info","message":"Idnetity service running one port 3001","service":"identity-service","timestamp":"2025-03-08T03:34:39.050Z"}
{"level":"info","message":"Connected to mongodb","service":"identity-service","timestamp":"2025-03-08T03:34:39.067Z"}
{"level":"info","message":"Idnetity service running one port 3001","service":"identity-service","timestamp":"2025-03-08T03:37:48.727Z"}
{"level":"info","message":"Connected to mongodb","service":"identity-service","timestamp":"2025-03-08T03:37:48.746Z"}
{"level":"info","message":"Idnetity service running one port 3001","service":"identity-service","timestamp":"2025-03-08T03:38:01.541Z"}
{"level":"info","message":"Connected to mongodb","service":"identity-service","timestamp":"2025-03-08T03:38:01.557Z"}
{"level":"info","message":"Idnetity service running one port 3001","service":"identity-service","timestamp":"2025-03-08T03:38:31.551Z"}
{"level":"info","message":"Connected to mongodb","service":"identity-service","timestamp":"2025-03-08T03:38:31.566Z"}
{"level":"info","message":"Idnetity service running one port 3001","service":"identity-service","timestamp":"2025-03-08T03:38:38.492Z"}
{"level":"info","message":"Connected to mongodb","service":"identity-service","timestamp":"2025-03-08T03:38:38.509Z"}
{"level":"info","message":"Idnetity service running one port 3001","service":"identity-service","timestamp":"2025-03-08T03:39:07.172Z"}
{"level":"info","message":"Connected to mongodb","service":"identity-service","timestamp":"2025-03-08T03:39:07.199Z"}
{"level":"info","message":"Idnetity service running one port 3001","service":"identity-service","timestamp":"2025-03-08T03:39:13.046Z"}
{"level":"info","message":"Connected to mongodb","service":"identity-service","timestamp":"2025-03-08T03:39:13.062Z"}
{"level":"info","message":"Idnetity service running one port 3001","service":"identity-service","timestamp":"2025-03-08T03:39:20.434Z"}
{"level":"info","message":"Connected to mongodb","service":"identity-service","timestamp":"2025-03-08T03:39:20.452Z"}
{"level":"info","message":"Idnetity service running one port 3001","service":"identity-service","timestamp":"2025-03-08T03:40:03.462Z"}
{"level":"info","message":"Connected to mongodb","service":"identity-service","timestamp":"2025-03-08T03:40:03.480Z"}
{"level":"info","message":"Idnetity service running one port 3001","service":"identity-service","timestamp":"2025-03-08T03:40:14.199Z"}
{"level":"info","message":"Connected to mongodb","service":"identity-service","timestamp":"2025-03-08T03:40:14.219Z"}
{"level":"info","message":"Idnetity service running one port 3001","service":"identity-service","timestamp":"2025-03-08T03:40:17.887Z"}
{"level":"info","message":"Connected to mongodb","service":"identity-service","timestamp":"2025-03-08T03:40:17.903Z"}
{"level":"info","message":"Idnetity service running one port 3001","service":"identity-service","timestamp":"2025-03-08T03:40:33.369Z"}
{"level":"info","message":"Connected to mongodb","service":"identity-service","timestamp":"2025-03-08T03:40:33.389Z"}
{"level":"info","message":"Idnetity service running one port 3001","service":"identity-service","timestamp":"2025-03-08T03:40:53.676Z"}
{"level":"info","message":"Connected to mongodb","service":"identity-service","timestamp":"2025-03-08T03:40:53.694Z"}
{"level":"info","message":"Idnetity service running one port 3001","service":"identity-service","timestamp":"2025-03-08T03:41:25.969Z"}
{"level":"info","message":"Connected to mongodb","service":"identity-service","timestamp":"2025-03-08T03:41:25.990Z"}
{"level":"info","message":"Idnetity service running one port 3001","service":"identity-service","timestamp":"2025-03-08T03:42:46.618Z"}
{"level":"info","message":"Connected to mongodb","service":"identity-service","timestamp":"2025-03-08T03:42:46.635Z"}
{"level":"info","message":"Idnetity service running one port 3001","service":"identity-service","timestamp":"2025-03-08T03:43:03.900Z"}
{"level":"info","message":"Connected to mongodb","service":"identity-service","timestamp":"2025-03-08T03:43:03.920Z"}
{"level":"info","message":"Idnetity service running one port 3001","service":"identity-service","timestamp":"2025-03-08T03:43:37.254Z"}
{"level":"info","message":"Connected to mongodb","service":"identity-service","timestamp":"2025-03-08T03:43:37.270Z"}
{"level":"info","message":"Idnetity service running one port 3001","service":"identity-service","timestamp":"2025-03-08T03:43:42.130Z"}
{"level":"info","message":"Connected to mongodb","service":"identity-service","timestamp":"2025-03-08T03:43:42.147Z"}
{"level":"info","message":"Idnetity service running one port 3001","service":"identity-service","timestamp":"2025-03-08T03:43:52.424Z"}
{"level":"info","message":"Connected to mongodb","service":"identity-service","timestamp":"2025-03-08T03:43:52.448Z"}
{"level":"info","message":"Idnetity service running one port 3001","service":"identity-service","timestamp":"2025-03-08T03:44:35.229Z"}
{"level":"info","message":"Connected to mongodb","service":"identity-service","timestamp":"2025-03-08T03:44:35.248Z"}
{"level":"info","message":"Idnetity service running one port 3001","service":"identity-service","timestamp":"2025-03-08T03:44:56.485Z"}
{"level":"info","message":"Connected to mongodb","service":"identity-service","timestamp":"2025-03-08T03:44:56.503Z"}
{"level":"info","message":"Idnetity service running one port 3001","service":"identity-service","timestamp":"2025-03-08T03:45:17.077Z"}
{"level":"info","message":"Connected to mongodb","service":"identity-service","timestamp":"2025-03-08T03:45:17.095Z"}
{"level":"info","message":"Idnetity service running one port 3001","service":"identity-service","timestamp":"2025-03-08T03:45:38.358Z"}
{"level":"info","message":"Connected to mongodb","service":"identity-service","timestamp":"2025-03-08T03:45:38.375Z"}
{"level":"info","message":"Idnetity service running one port 3001","service":"identity-service","timestamp":"2025-03-08T03:46:19.807Z"}
{"level":"info","message":"Connected to mongodb","service":"identity-service","timestamp":"2025-03-08T03:46:19.826Z"}
{"level":"info","message":"Idnetity service running one port 3001","service":"identity-service","timestamp":"2025-03-08T03:46:33.174Z"}
{"level":"info","message":"Connected to mongodb","service":"identity-service","timestamp":"2025-03-08T03:46:33.196Z"}
{"level":"info","message":"Idnetity service running one port 3001","service":"identity-service","timestamp":"2025-03-08T03:46:45.622Z"}
{"level":"info","message":"Connected to mongodb","service":"identity-service","timestamp":"2025-03-08T03:46:45.639Z"}
{"level":"info","message":"Idnetity service running one port 3001","service":"identity-service","timestamp":"2025-03-08T03:46:50.724Z"}
{"level":"info","message":"Connected to mongodb","service":"identity-service","timestamp":"2025-03-08T03:46:50.741Z"}
{"level":"info","message":"Idnetity service running one port 3001","service":"identity-service","timestamp":"2025-03-08T03:47:10.232Z"}
{"level":"info","message":"Connected to mongodb","service":"identity-service","timestamp":"2025-03-08T03:47:10.247Z"}
{"level":"info","message":"Idnetity service running one port 3001","service":"identity-service","timestamp":"2025-03-08T03:48:24.789Z"}
{"level":"info","message":"Connected to mongodb","service":"identity-service","timestamp":"2025-03-08T03:48:24.804Z"}
{"level":"info","message":"Idnetity service running one port 3001","service":"identity-service","timestamp":"2025-03-08T03:48:30.564Z"}
{"level":"info","message":"Connected to mongodb","service":"identity-service","timestamp":"2025-03-08T03:48:30.583Z"}
{"level":"info","message":"Idnetity service running one port 3001","service":"identity-service","timestamp":"2025-03-08T03:48:38.385Z"}
{"level":"info","message":"Connected to mongodb","service":"identity-service","timestamp":"2025-03-08T03:48:38.404Z"}
{"level":"info","message":"Idnetity service running one port 3001","service":"identity-service","timestamp":"2025-03-08T03:48:45.544Z"}
{"level":"info","message":"Connected to mongodb","service":"identity-service","timestamp":"2025-03-08T03:48:45.564Z"}
{"level":"info","message":"Idnetity service running one port 3001","service":"identity-service","timestamp":"2025-03-08T03:48:49.906Z"}
{"level":"info","message":"Connected to mongodb","service":"identity-service","timestamp":"2025-03-08T03:48:49.929Z"}
{"level":"info","message":"Idnetity service running one port 3001","service":"identity-service","timestamp":"2025-03-08T03:49:05.774Z"}
{"level":"info","message":"Connected to mongodb","service":"identity-service","timestamp":"2025-03-08T03:49:05.808Z"}
{"level":"info","message":"Idnetity service running one port 3001","service":"identity-service","timestamp":"2025-03-08T03:49:19.822Z"}
{"level":"info","message":"Connected to mongodb","service":"identity-service","timestamp":"2025-03-08T03:49:19.842Z"}
{"level":"info","message":"Idnetity service running one port 3001","service":"identity-service","timestamp":"2025-03-08T03:49:34.320Z"}
{"level":"info","message":"Connected to mongodb","service":"identity-service","timestamp":"2025-03-08T03:49:34.335Z"}
{"level":"info","message":"Idnetity service running one port 3001","service":"identity-service","timestamp":"2025-03-08T03:50:15.594Z"}
{"level":"info","message":"Connected to mongodb","service":"identity-service","timestamp":"2025-03-08T03:50:15.614Z"}
{"level":"info","message":"Idnetity service running one port 3001","service":"identity-service","timestamp":"2025-03-09T05:10:52.085Z"}
{"level":"info","message":"Connected to mongodb","service":"identity-service","timestamp":"2025-03-09T05:10:52.108Z"}
{"level":"info","message":"Idnetity service running one port 3001","service":"identity-service","timestamp":"2025-03-09T05:11:41.092Z"}
{"level":"info","message":"Connected to mongodb","service":"identity-service","timestamp":"2025-03-09T05:11:41.112Z"}
{"level":"info","message":"Idnetity service running one port 3001","service":"identity-service","timestamp":"2025-03-09T05:12:20.176Z"}
{"level":"info","message":"Connected to mongodb","service":"identity-service","timestamp":"2025-03-09T05:12:20.192Z"}
{"level":"info","message":"Idnetity service running one port 3001","service":"identity-service","timestamp":"2025-03-09T05:12:28.946Z"}
{"level":"info","message":"Connected to mongodb","service":"identity-service","timestamp":"2025-03-09T05:12:28.963Z"}
{"level":"info","message":"Idnetity service running one port 3001","service":"identity-service","timestamp":"2025-03-09T05:12:37.755Z"}
{"level":"info","message":"Connected to mongodb","service":"identity-service","timestamp":"2025-03-09T05:12:37.773Z"}
{"level":"info","message":"Idnetity service running one port 3001","service":"identity-service","timestamp":"2025-03-09T05:14:27.035Z"}
{"level":"info","message":"Connected to mongodb","service":"identity-service","timestamp":"2025-03-09T05:14:27.055Z"}
{"level":"info","message":"Idnetity service running one port 3001","service":"identity-service","timestamp":"2025-03-09T05:14:36.093Z"}
{"level":"info","message":"Connected to mongodb","service":"identity-service","timestamp":"2025-03-09T05:14:36.110Z"}
{"level":"info","message":"Idnetity service running one port 3001","service":"identity-service","timestamp":"2025-03-09T05:15:12.450Z"}
{"level":"info","message":"Connected to mongodb","service":"identity-service","timestamp":"2025-03-09T05:15:12.468Z"}
{"level":"info","message":"Idnetity service running one port 3001","service":"identity-service","timestamp":"2025-03-09T05:15:18.196Z"}
{"level":"info","message":"Connected to mongodb","service":"identity-service","timestamp":"2025-03-09T05:15:18.219Z"}
{"level":"info","message":"Idnetity service running one port 3001","service":"identity-service","timestamp":"2025-03-09T05:15:25.146Z"}
{"level":"info","message":"Connected to mongodb","service":"identity-service","timestamp":"2025-03-09T05:15:25.166Z"}
{"level":"info","message":"Idnetity service running one port 3001","service":"identity-service","timestamp":"2025-03-09T05:19:38.043Z"}
{"level":"info","message":"Connected to mongodb","service":"identity-service","timestamp":"2025-03-09T05:19:38.066Z"}
{"level":"info","message":"Idnetity service running one port 3001","service":"identity-service","timestamp":"2025-03-09T05:19:56.969Z"}
{"level":"info","message":"Connected to mongodb","service":"identity-service","timestamp":"2025-03-09T05:19:56.989Z"}
{"level":"info","message":"Idnetity service running one port 3001","service":"identity-service","timestamp":"2025-03-09T05:20:05.930Z"}
{"level":"info","message":"Connected to mongodb","service":"identity-service","timestamp":"2025-03-09T05:20:05.952Z"}
{"level":"info","message":"Idnetity service running one port 3001","service":"identity-service","timestamp":"2025-03-09T05:21:30.004Z"}
{"level":"info","message":"Connected to mongodb","service":"identity-service","timestamp":"2025-03-09T05:21:30.021Z"}
{"level":"info","message":"Idnetity service running one port 3001","service":"identity-service","timestamp":"2025-03-09T05:26:20.588Z"}
{"level":"info","message":"Connected to mongodb","service":"identity-service","timestamp":"2025-03-09T05:26:20.605Z"}
{"level":"info","message":"Idnetity service running one port 3001","service":"identity-service","timestamp":"2025-03-09T05:26:26.487Z"}
{"level":"info","message":"Connected to mongodb","service":"identity-service","timestamp":"2025-03-09T05:26:26.503Z"}
{"level":"info","message":"Idnetity service running one port 3001","service":"identity-service","timestamp":"2025-03-09T05:27:26.472Z"}
{"level":"info","message":"Connected to mongodb","service":"identity-service","timestamp":"2025-03-09T05:27:26.497Z"}
{"level":"info","message":"Idnetity service running one port 3001","service":"identity-service","timestamp":"2025-03-09T05:27:31.305Z"}
{"level":"info","message":"Connected to mongodb","service":"identity-service","timestamp":"2025-03-09T05:27:31.320Z"}
{"level":"info","message":"Idnetity service running one port 3001","service":"identity-service","timestamp":"2025-03-09T05:27:49.217Z"}
{"level":"info","message":"Connected to mongodb","service":"identity-service","timestamp":"2025-03-09T05:27:49.240Z"}
{"level":"info","message":"Idnetity service running one port 3001","service":"identity-service","timestamp":"2025-03-09T05:27:59.983Z"}
{"level":"info","message":"Connected to mongodb","service":"identity-service","timestamp":"2025-03-09T05:27:59.999Z"}
{"level":"info","message":"Idnetity service running one port 3001","service":"identity-service","timestamp":"2025-03-09T05:28:32.445Z"}
{"level":"info","message":"Connected to mongodb","service":"identity-service","timestamp":"2025-03-09T05:28:32.462Z"}
{"level":"info","message":"Idnetity service running one port 3001","service":"identity-service","timestamp":"2025-03-09T05:28:36.519Z"}
{"level":"info","message":"Connected to mongodb","service":"identity-service","timestamp":"2025-03-09T05:28:36.538Z"}
{"level":"info","message":"Idnetity service running one port 3001","service":"identity-service","timestamp":"2025-03-09T05:32:23.512Z"}
{"level":"info","message":"Connected to mongodb","service":"identity-service","timestamp":"2025-03-09T05:32:23.529Z"}
{"level":"info","message":"Idnetity service running one port 3001","service":"identity-service","timestamp":"2025-03-09T05:32:29.892Z"}
{"level":"info","message":"Connected to mongodb","service":"identity-service","timestamp":"2025-03-09T05:32:29.908Z"}
{"level":"info","message":"Idnetity service running one port 3001","service":"identity-service","timestamp":"2025-03-09T05:32:40.579Z"}
{"level":"info","message":"Connected to mongodb","service":"identity-service","timestamp":"2025-03-09T05:32:40.604Z"}
{"level":"info","message":"Idnetity service running one port 3001","service":"identity-service","timestamp":"2025-03-09T05:32:46.955Z"}
{"level":"info","message":"Connected to mongodb","service":"identity-service","timestamp":"2025-03-09T05:32:46.972Z"}
{"level":"info","message":"Idnetity service running one port 3001","service":"identity-service","timestamp":"2025-03-09T05:32:54.524Z"}
{"level":"info","message":"Connected to mongodb","service":"identity-service","timestamp":"2025-03-09T05:32:54.539Z"}
{"level":"info","message":"Idnetity service running one port 3001","service":"identity-service","timestamp":"2025-03-09T05:33:07.106Z"}
{"level":"info","message":"Connected to mongodb","service":"identity-service","timestamp":"2025-03-09T05:33:07.121Z"}
{"level":"info","message":"Idnetity service running one port 3001","service":"identity-service","timestamp":"2025-03-09T05:33:34.871Z"}
{"level":"info","message":"Connected to mongodb","service":"identity-service","timestamp":"2025-03-09T05:33:34.892Z"}
{"level":"info","message":"Idnetity service running one port 3001","service":"identity-service","timestamp":"2025-03-09T05:34:54.693Z"}
{"level":"info","message":"Connected to mongodb","service":"identity-service","timestamp":"2025-03-09T05:34:54.708Z"}
{"level":"info","message":"Idnetity service running one port 3001","service":"identity-service","timestamp":"2025-03-09T05:34:58.447Z"}
{"level":"info","message":"Connected to mongodb","service":"identity-service","timestamp":"2025-03-09T05:34:58.468Z"}
{"level":"info","message":"Idnetity service running one port 3001","service":"identity-service","timestamp":"2025-03-09T05:35:11.455Z"}
{"level":"info","message":"Connected to mongodb","service":"identity-service","timestamp":"2025-03-09T05:35:11.471Z"}
{"level":"info","message":"Idnetity service running one port 3001","service":"identity-service","timestamp":"2025-03-09T05:35:18.104Z"}
{"level":"info","message":"Connected to mongodb","service":"identity-service","timestamp":"2025-03-09T05:35:18.122Z"}
{"level":"info","message":"Received POST request to /api/auth/login","service":"identity-service","timestamp":"2025-03-09T05:57:22.141Z"}
{"level":"info","message":"Request body {\"email\":\"abdalrahman@gmail.com\",\"password\":\"123456\"}","service":"identity-service","timestamp":"2025-03-09T05:57:22.143Z"}
>>>>>>> main
{"level":"info","message":"Idnetity service running one port 3001","service":"identity-service","timestamp":"2025-03-09T21:16:43.077Z"}
{"level":"info","message":"Connected to mongodb","service":"identity-service","timestamp":"2025-03-09T21:16:43.106Z"}
{"level":"info","message":"Idnetity service running one port 3001","service":"identity-service","timestamp":"2025-03-09T21:17:11.713Z"}
{"level":"info","message":"Connected to mongodb","service":"identity-service","timestamp":"2025-03-09T21:17:11.744Z"}
{"level":"info","message":"Idnetity service running one port 3001","service":"identity-service","timestamp":"2025-03-09T21:31:11.717Z"}
{"level":"info","message":"Connected to mongodb","service":"identity-service","timestamp":"2025-03-09T21:31:11.744Z"}
{"level":"info","message":"Idnetity service running one port 3001","service":"identity-service","timestamp":"2025-03-09T21:31:57.438Z"}
{"level":"info","message":"Connected to mongodb","service":"identity-service","timestamp":"2025-03-09T21:31:57.474Z"}
{"level":"info","message":"Idnetity service running one port 3001","service":"identity-service","timestamp":"2025-03-09T21:34:37.544Z"}
{"level":"info","message":"Connected to mongodb","service":"identity-service","timestamp":"2025-03-09T21:34:37.559Z"}
{"level":"info","message":"Idnetity service running one port 3001","service":"identity-service","timestamp":"2025-03-09T21:34:43.214Z"}
{"level":"info","message":"Connected to mongodb","service":"identity-service","timestamp":"2025-03-09T21:34:43.230Z"}
{"level":"info","message":"Idnetity service running one port 3001","service":"identity-service","timestamp":"2025-03-09T21:36:29.014Z"}
{"level":"info","message":"Connected to mongodb","service":"identity-service","timestamp":"2025-03-09T21:36:29.034Z"}
{"level":"info","message":"Idnetity service running one port 3001","service":"identity-service","timestamp":"2025-03-09T21:36:52.294Z"}
{"level":"info","message":"Connected to mongodb","service":"identity-service","timestamp":"2025-03-09T21:36:52.316Z"}
{"level":"info","message":"Idnetity service running one port 3001","service":"identity-service","timestamp":"2025-03-09T21:36:57.553Z"}
{"level":"info","message":"Connected to mongodb","service":"identity-service","timestamp":"2025-03-09T21:36:57.574Z"}
{"level":"info","message":"Idnetity service running one port 3001","service":"identity-service","timestamp":"2025-03-09T21:37:17.913Z"}
{"level":"info","message":"Connected to mongodb","service":"identity-service","timestamp":"2025-03-09T21:37:17.930Z"}
{"level":"info","message":"Idnetity service running one port 3001","service":"identity-service","timestamp":"2025-03-09T21:42:59.889Z"}
{"level":"info","message":"Connected to mongodb","service":"identity-service","timestamp":"2025-03-09T21:42:59.906Z"}
{"level":"info","message":"Idnetity service running one port 3001","service":"identity-service","timestamp":"2025-03-09T21:43:13.163Z"}
{"level":"info","message":"Connected to mongodb","service":"identity-service","timestamp":"2025-03-09T21:43:13.178Z"}
{"level":"info","message":"Idnetity service running one port 3001","service":"identity-service","timestamp":"2025-03-09T21:43:25.024Z"}
{"level":"info","message":"Connected to mongodb","service":"identity-service","timestamp":"2025-03-09T21:43:25.051Z"}
{"level":"info","message":"Idnetity service running one port 3001","service":"identity-service","timestamp":"2025-03-09T21:44:12.081Z"}
{"level":"info","message":"Connected to mongodb","service":"identity-service","timestamp":"2025-03-09T21:44:12.098Z"}
{"level":"info","message":"Idnetity service running one port 3001","service":"identity-service","timestamp":"2025-03-09T21:45:20.797Z"}
{"level":"info","message":"Connected to mongodb","service":"identity-service","timestamp":"2025-03-09T21:45:20.813Z"}
{"level":"info","message":"Idnetity service running one port 3001","service":"identity-service","timestamp":"2025-03-09T21:45:31.496Z"}
{"level":"info","message":"Connected to mongodb","service":"identity-service","timestamp":"2025-03-09T21:45:31.517Z"}
{"level":"info","message":"Idnetity service running one port 3001","service":"identity-service","timestamp":"2025-03-09T21:45:39.924Z"}
{"level":"info","message":"Connected to mongodb","service":"identity-service","timestamp":"2025-03-09T21:45:39.953Z"}
{"level":"info","message":"Idnetity service running one port 3001","service":"identity-service","timestamp":"2025-03-09T21:46:04.368Z"}
{"level":"info","message":"Connected to mongodb","service":"identity-service","timestamp":"2025-03-09T21:46:04.382Z"}
{"level":"info","message":"Idnetity service running one port 3001","service":"identity-service","timestamp":"2025-03-09T21:46:51.603Z"}
{"level":"info","message":"Connected to mongodb","service":"identity-service","timestamp":"2025-03-09T21:46:51.620Z"}
{"level":"info","message":"Idnetity service running one port 3001","service":"identity-service","timestamp":"2025-03-09T21:46:58.265Z"}
{"level":"info","message":"Connected to mongodb","service":"identity-service","timestamp":"2025-03-09T21:46:58.281Z"}
{"level":"info","message":"Idnetity service running one port 3001","service":"identity-service","timestamp":"2025-03-09T21:47:10.721Z"}
{"level":"info","message":"Connected to mongodb","service":"identity-service","timestamp":"2025-03-09T21:47:10.738Z"}
{"level":"info","message":"Idnetity service running one port 3001","service":"identity-service","timestamp":"2025-03-09T21:47:56.760Z"}
{"level":"info","message":"Connected to mongodb","service":"identity-service","timestamp":"2025-03-09T21:47:56.786Z"}
{"level":"info","message":"Idnetity service running one port 3001","service":"identity-service","timestamp":"2025-03-09T21:48:05.536Z"}
{"level":"info","message":"Connected to mongodb","service":"identity-service","timestamp":"2025-03-09T21:48:05.551Z"}
{"level":"info","message":"Idnetity service running one port 3001","service":"identity-service","timestamp":"2025-03-09T21:48:11.434Z"}
{"level":"info","message":"Connected to mongodb","service":"identity-service","timestamp":"2025-03-09T21:48:11.452Z"}
{"level":"info","message":"Idnetity service running one port 3001","service":"identity-service","timestamp":"2025-03-09T21:49:17.051Z"}
{"level":"info","message":"Connected to mongodb","service":"identity-service","timestamp":"2025-03-09T21:49:17.068Z"}
{"level":"info","message":"Idnetity service running one port 3001","service":"identity-service","timestamp":"2025-03-09T21:49:39.044Z"}
{"level":"info","message":"Connected to mongodb","service":"identity-service","timestamp":"2025-03-09T21:49:39.059Z"}
{"level":"info","message":"Idnetity service running one port 3001","service":"identity-service","timestamp":"2025-03-09T21:51:10.044Z"}
{"level":"info","message":"Connected to mongodb","service":"identity-service","timestamp":"2025-03-09T21:51:10.063Z"}
{"level":"info","message":"Idnetity service running one port 3001","service":"identity-service","timestamp":"2025-03-09T21:51:28.409Z"}
{"level":"info","message":"Connected to mongodb","service":"identity-service","timestamp":"2025-03-09T21:51:28.423Z"}
{"level":"info","message":"Idnetity service running one port 3001","service":"identity-service","timestamp":"2025-03-09T21:53:08.244Z"}
{"level":"info","message":"Connected to mongodb","service":"identity-service","timestamp":"2025-03-09T21:53:08.259Z"}
{"level":"info","message":"Idnetity service running one port 3001","service":"identity-service","timestamp":"2025-03-09T21:53:22.151Z"}
{"level":"info","message":"Connected to mongodb","service":"identity-service","timestamp":"2025-03-09T21:53:22.167Z"}
{"level":"info","message":"Idnetity service running one port 3001","service":"identity-service","timestamp":"2025-03-09T21:53:52.870Z"}
{"level":"info","message":"Connected to mongodb","service":"identity-service","timestamp":"2025-03-09T21:53:52.890Z"}
{"level":"info","message":"Idnetity service running one port 3001","service":"identity-service","timestamp":"2025-03-09T22:01:53.124Z"}
{"level":"info","message":"Connected to mongodb","service":"identity-service","timestamp":"2025-03-09T22:01:53.140Z"}
{"level":"info","message":"Idnetity service running one port 3001","service":"identity-service","timestamp":"2025-03-09T22:12:56.527Z"}
{"level":"info","message":"Connected to mongodb","service":"identity-service","timestamp":"2025-03-09T22:12:56.544Z"}
{"level":"info","message":"{\"method\":\"POST\",\"url\":\"/api/auth/login\",\"status\":\"200\",\"responseTime\":\"164.074\"}","service":"identity-service","timestamp":"2025-03-09T22:13:00.318Z"}
{"level":"info","message":"Idnetity service running one port 3001","service":"identity-service","timestamp":"2025-03-09T22:13:43.392Z"}
{"level":"info","message":"Connected to mongodb","service":"identity-service","timestamp":"2025-03-09T22:13:43.407Z"}
{"level":"info","message":"Idnetity service running one port 3001","service":"identity-service","timestamp":"2025-03-09T22:13:57.418Z"}
{"level":"info","message":"Connected to mongodb","service":"identity-service","timestamp":"2025-03-09T22:13:57.434Z"}
{"level":"info","message":"Idnetity service running one port 3001","service":"identity-service","timestamp":"2025-03-09T22:16:22.455Z"}
{"level":"info","message":"Connected to mongodb","service":"identity-service","timestamp":"2025-03-09T22:16:22.470Z"}
{"level":"info","message":"Input: {\"email\":\"abdalrahman@gmail.com\",\"password\":\"123456\"}","service":"identity-service","timestamp":"2025-03-09T22:16:40.205Z"}
{"level":"info","message":"{\"method\":\"POST\",\"url\":\"/api/auth/login\",\"status\":\"200\",\"responseTime\":\"158.659\"}","service":"identity-service","timestamp":"2025-03-09T22:16:40.367Z"}
{"level":"info","message":"Input: {\"email\":\"abdalrahman@gmail.com\",\"password\":\"123456\"}","service":"identity-service","timestamp":"2025-03-09T22:16:51.386Z"}
{"level":"info","message":"{\"method\":\"POST\",\"url\":\"/api/auth/login\",\"status\":\"200\",\"responseTime\":\"125.514\"}","service":"identity-service","timestamp":"2025-03-09T22:16:51.513Z"}
{"level":"info","message":"Idnetity service running one port 3001","service":"identity-service","timestamp":"2025-03-09T22:17:42.049Z"}
{"level":"info","message":"Connected to mongodb","service":"identity-service","timestamp":"2025-03-09T22:17:42.063Z"}
{"level":"info","message":"Input: {\"email\":\"abdalrahman@gmail.com\",\"password\":\"123456\"}","service":"identity-service","timestamp":"2025-03-09T22:17:42.840Z"}
{"level":"info","message":"{\"method\":\"POST\",\"url\":\"/api/auth/login\",\"status\":\"200\",\"responseTime\":\"162.249\"}","service":"identity-service","timestamp":"2025-03-09T22:17:43.007Z"}
{"level":"info","message":"Idnetity service running one port 3001","service":"identity-service","timestamp":"2025-03-09T22:18:06.109Z"}
{"level":"info","message":"Connected to mongodb","service":"identity-service","timestamp":"2025-03-09T22:18:06.125Z"}
{"level":"info","message":"Input: {\"email\":\"abdalrahman@gmail.com\",\"password\":\"123456\"}","service":"identity-service","timestamp":"2025-03-09T22:18:27.893Z"}
{"level":"info","message":"{\"method\":\"POST\",\"url\":\"/api/auth/login\",\"status\":\"200\",\"responseTime\":\"169.960\"}","service":"identity-service","timestamp":"2025-03-09T22:18:28.068Z"}
{"level":"info","message":"Input: {\"email\":\"abdalrahman@gmail.com\",\"password\":\"123456\"}","service":"identity-service","timestamp":"2025-03-09T22:20:04.887Z"}
{"level":"info","message":"{\"method\":\"POST\",\"url\":\"/api/auth/login\",\"status\":\"200\",\"responseTime\":\"134.799\"}","service":"identity-service","timestamp":"2025-03-09T22:20:05.023Z"}
