{"level":"info","message":"welcome everyone","service":"api-gatway","timestamp":"2025-03-06T00:28:26.379Z"}
{"level":"info","message":"The server running on port 3000","service":"api-gatway","timestamp":"2025-03-06T00:31:08.748Z"}
{"level":"info","message":"The server running on port 3000","service":"api-gatway","timestamp":"2025-03-06T00:31:10.872Z"}
{"level":"info","message":"The server running on port 3000","service":"api-gatway","timestamp":"2025-03-06T00:31:14.943Z"}
{"level":"info","message":"The server running on port 3000","service":"api-gatway","timestamp":"2025-03-06T00:31:33.218Z"}
{"level":"info","message":"The server running on port 3000","service":"api-gatway","timestamp":"2025-03-06T00:31:37.042Z"}
{"level":"info","message":"The server running on port 3000","service":"api-gatway","timestamp":"2025-03-06T00:31:39.868Z"}
{"level":"info","message":"The server running on port 3000","service":"api-gatway","timestamp":"2025-03-06T00:31:46.383Z"}
{"level":"info","message":"The server running on port 3000","service":"api-gatway","timestamp":"2025-03-06T00:31:50.389Z"}
{"level":"info","message":"The server running on port 3000","service":"api-gatway","timestamp":"2025-03-06T00:31:54.203Z"}
{"level":"info","message":"The server running on port 3000","service":"api-gatway","timestamp":"2025-03-06T00:32:35.464Z"}
{"level":"info","message":"The server running on port 3000","service":"api-gatway","timestamp":"2025-03-06T00:32:44.896Z"}
{"level":"info","message":"The server running on port 3000","service":"api-gatway","timestamp":"2025-03-06T00:33:29.827Z"}
{"level":"info","message":"The server running on port 3000","service":"api-gatway","timestamp":"2025-03-06T01:30:40.053Z"}
{"level":"info","message":"The server running on port 3000","service":"api-gatway","timestamp":"2025-03-06T01:32:37.574Z"}
{"level":"info","message":"The server running on port 3000","service":"api-gatway","timestamp":"2025-03-06T01:32:39.998Z"}
{"level":"info","message":"The server running on port 3000","service":"api-gatway","timestamp":"2025-03-06T01:33:10.830Z"}
{"level":"info","message":"The server running on port 3000","service":"api-gatway","timestamp":"2025-03-06T01:33:24.116Z"}
{"level":"info","message":"The server running on port 3000","service":"api-gatway","timestamp":"2025-03-06T01:33:43.777Z"}
{"level":"info","message":"The server running on port 3000","service":"api-gatway","timestamp":"2025-03-06T01:34:26.288Z"}
{"level":"info","message":"The server running on port 3000","service":"api-gatway","timestamp":"2025-03-06T01:34:28.141Z"}
{"level":"info","message":"The server running on port 3000","service":"api-gatway","timestamp":"2025-03-06T01:34:34.171Z"}
{"level":"info","message":"The server running on port 3000","service":"api-gatway","timestamp":"2025-03-06T01:34:55.656Z"}
{"level":"info","message":"The server running on port 3000","service":"api-gatway","timestamp":"2025-03-06T01:36:04.726Z"}
{"level":"info","message":"The server running on port 3000","service":"api-gatway","timestamp":"2025-03-06T01:36:12.355Z"}
{"level":"info","message":"The server running on port 3000","service":"api-gatway","timestamp":"2025-03-06T01:36:45.335Z"}
{"level":"info","message":"The server running on port 3000","service":"api-gatway","timestamp":"2025-03-06T01:36:52.954Z"}
{"level":"info","message":"The server running on port 3000","service":"api-gatway","timestamp":"2025-03-06T01:40:17.368Z"}
{"level":"info","message":"The server running on port 3000","service":"api-gatway","timestamp":"2025-03-06T01:40:22.240Z"}
{"level":"info","message":"The server running on port 3000","service":"api-gatway","timestamp":"2025-03-06T01:41:08.861Z"}
{"level":"info","message":"The server running on port 3000","service":"api-gatway","timestamp":"2025-03-06T01:41:15.585Z"}
{"level":"info","message":"The server running on port 3000","service":"api-gatway","timestamp":"2025-03-06T01:41:19.439Z"}
{"level":"info","message":"The server running on port 3000","service":"api-gatway","timestamp":"2025-03-06T01:41:28.390Z"}
{"level":"info","message":"The server running on port 3000","service":"api-gatway","timestamp":"2025-03-06T01:41:35.593Z"}
{"level":"info","message":"The server running on port 3000","service":"api-gatway","timestamp":"2025-03-06T01:41:57.728Z"}
{"level":"info","message":"The server running on port 3000","service":"api-gatway","timestamp":"2025-03-06T01:43:22.361Z"}
{"level":"info","message":"The server running on port 3000","service":"api-gatway","timestamp":"2025-03-06T01:43:25.850Z"}
{"level":"info","message":"The server running on port 3000","service":"api-gatway","timestamp":"2025-03-06T01:43:44.583Z"}
{"level":"info","message":"The server running on port 3000","service":"api-gatway","timestamp":"2025-03-06T01:48:12.006Z"}
{"level":"info","message":"The server running on port 3000","service":"api-gatway","timestamp":"2025-03-06T01:48:17.707Z"}
{"level":"info","message":"The server running on port 3000","service":"api-gatway","timestamp":"2025-03-06T01:56:03.818Z"}
{"level":"info","message":"The server running on port 3000","service":"api-gatway","timestamp":"2025-03-06T01:56:09.228Z"}
{"level":"info","message":"The server running on port 3000","service":"api-gatway","timestamp":"2025-03-06T01:56:51.870Z"}
{"level":"info","message":"The server running on port 3000","service":"api-gatway","timestamp":"2025-03-06T01:57:02.011Z"}
{"level":"info","message":"The server running on port 3000","service":"api-gatway","timestamp":"2025-03-06T01:57:15.005Z"}
{"level":"info","message":"The server running on port 3000","service":"api-gatway","timestamp":"2025-03-06T01:57:17.654Z"}
{"level":"info","message":"The server running on port 3000","service":"api-gatway","timestamp":"2025-03-06T01:57:26.201Z"}
{"level":"info","message":"The server running on port 3000","service":"api-gatway","timestamp":"2025-03-06T01:57:28.293Z"}
{"level":"info","message":"The server running on port 3000","service":"api-gatway","timestamp":"2025-03-06T01:58:06.550Z"}
{"level":"info","message":"The server running on port 3000","service":"api-gatway","timestamp":"2025-03-06T01:58:13.886Z"}
{"level":"info","message":"The server running on port 3000","service":"api-gatway","timestamp":"2025-03-06T01:58:18.608Z"}
{"level":"info","message":"The server running on port 3000","service":"api-gatway","timestamp":"2025-03-06T01:58:27.056Z"}
{"level":"info","message":"The server running on port 3000","service":"api-gatway","timestamp":"2025-03-06T01:58:33.436Z"}
{"level":"info","message":"The server running on port 3000","service":"api-gatway","timestamp":"2025-03-06T01:58:39.103Z"}
{"level":"info","message":"The server running on port 3000","service":"api-gatway","timestamp":"2025-03-06T01:58:48.779Z"}
{"level":"info","message":"The server running on port 3000","service":"api-gatway","timestamp":"2025-03-06T01:59:16.753Z"}
{"level":"info","message":"Received POST request to /api/auth/register","service":"api-gatway","timestamp":"2025-03-06T01:59:30.941Z"}
{"level":"info","message":"Request body, [object Object]","service":"api-gatway","timestamp":"2025-03-06T01:59:30.942Z"}
{"level":"info","message":"The server running on port 3000","service":"api-gatway","timestamp":"2025-03-06T01:59:40.841Z"}
{"level":"info","message":"The server running on port 3000","service":"api-gatway","timestamp":"2025-03-06T01:59:48.397Z"}
{"level":"info","message":"Received POST request to /api/auth/register","service":"api-gatway","timestamp":"2025-03-06T01:59:54.344Z"}
{"level":"info","message":"Request body, [object Object]","service":"api-gatway","timestamp":"2025-03-06T01:59:54.345Z"}
{"level":"info","message":"The server running on port 3000","service":"api-gatway","timestamp":"2025-03-06T02:03:03.082Z"}
{"level":"info","message":"The server running on port 3000","service":"api-gatway","timestamp":"2025-03-06T02:03:44.301Z"}
{"level":"info","message":"The server running on port 3000","service":"api-gatway","timestamp":"2025-03-06T02:04:30.420Z"}
{"level":"info","message":"The server running on port 3000","service":"api-gatway","timestamp":"2025-03-06T02:07:13.659Z"}
{"level":"info","message":"The server running on port 3000","service":"api-gatway","timestamp":"2025-03-06T02:08:22.612Z"}
{"level":"info","message":"The server running on port 3000","service":"api-gatway","timestamp":"2025-03-06T02:08:27.205Z"}
{"level":"info","message":"The server running on port 3000","service":"api-gatway","timestamp":"2025-03-06T02:08:33.305Z"}
{"level":"info","message":"The server running on port 3000","service":"api-gatway","timestamp":"2025-03-06T02:10:53.534Z"}
{"level":"info","message":"The server running on port 3000","service":"api-gatway","timestamp":"2025-03-06T18:19:17.209Z"}
{"level":"info","message":"The server running on port 3000","service":"api-gatway","timestamp":"2025-03-06T18:19:24.123Z"}
{"level":"info","message":"The server running on port 3000","service":"api-gatway","timestamp":"2025-03-06T18:19:45.120Z"}
{"level":"info","message":"The server running on port 3000","service":"api-gatway","timestamp":"2025-03-06T18:19:47.868Z"}
{"level":"info","message":"The server running on port 3000","service":"api-gatway","timestamp":"2025-03-06T18:25:24.728Z"}
{"level":"info","message":"The server running on port 3000","service":"api-gatway","timestamp":"2025-03-06T18:25:55.404Z"}
{"level":"info","message":"The server running on port 3000","service":"api-gatway","timestamp":"2025-03-06T18:26:46.893Z"}
{"level":"info","message":"The server running on port 3000","service":"api-gatway","timestamp":"2025-03-06T18:26:50.605Z"}
{"level":"info","message":"The server running on port 3000","service":"api-gatway","timestamp":"2025-03-06T18:26:53.399Z"}
{"level":"info","message":"The server running on port 3000","service":"api-gatway","timestamp":"2025-03-06T18:26:57.047Z"}
{"level":"info","message":"The server running on port 3000","service":"api-gatway","timestamp":"2025-03-06T18:27:01.366Z"}
{"level":"info","message":"The server running on port 3000","service":"api-gatway","timestamp":"2025-03-06T18:27:03.995Z"}
{"level":"info","message":"The server running on port 3000","service":"api-gatway","timestamp":"2025-03-06T18:27:07.290Z"}
{"level":"info","message":"The server running on port 3000","service":"api-gatway","timestamp":"2025-03-06T18:27:09.641Z"}
{"level":"info","message":"The server running on port 3000","service":"api-gatway","timestamp":"2025-03-06T18:27:13.287Z"}
{"level":"info","message":"The server running on port 3000","service":"api-gatway","timestamp":"2025-03-06T18:27:23.255Z"}
{"level":"info","message":"The server running on port 3000","service":"api-gatway","timestamp":"2025-03-06T18:27:48.420Z"}
{"level":"info","message":"The server running on port 3000","service":"api-gatway","timestamp":"2025-03-06T18:28:41.563Z"}
{"level":"info","message":"The server running on port 3000","service":"api-gatway","timestamp":"2025-03-06T18:28:46.038Z"}
{"level":"info","message":"The server running on port 3000","service":"api-gatway","timestamp":"2025-03-06T18:29:41.908Z"}
{"level":"info","message":"The server running on port 3000","service":"api-gatway","timestamp":"2025-03-06T18:30:12.288Z"}
{"level":"info","message":"The server running on port 3000","service":"api-gatway","timestamp":"2025-03-06T18:30:59.555Z"}
{"level":"info","message":"The server running on port 3000","service":"api-gatway","timestamp":"2025-03-06T18:31:24.017Z"}
{"level":"info","message":"The server running on port 3000","service":"api-gatway","timestamp":"2025-03-06T18:31:29.835Z"}
{"level":"info","message":"The server running on port 3000","service":"api-gatway","timestamp":"2025-03-06T18:32:14.232Z"}
{"level":"info","message":"The server running on port 3000","service":"api-gatway","timestamp":"2025-03-06T18:32:17.938Z"}
{"level":"info","message":"The server running on port 3000","service":"api-gatway","timestamp":"2025-03-06T18:32:24.742Z"}
{"level":"info","message":"The server running on port 3000","service":"api-gatway","timestamp":"2025-03-06T18:32:34.890Z"}
{"level":"info","message":"The server running on port 3000","service":"api-gatway","timestamp":"2025-03-06T18:32:39.115Z"}
{"level":"info","message":"The server running on port 3000","service":"api-gatway","timestamp":"2025-03-06T18:32:43.884Z"}
{"level":"info","message":"The server running on port 3000","service":"api-gatway","timestamp":"2025-03-06T18:33:49.460Z"}
{"level":"info","message":"The server running on port 3000","service":"api-gatway","timestamp":"2025-03-06T18:33:55.922Z"}
{"level":"info","message":"The server running on port 3000","service":"api-gatway","timestamp":"2025-03-06T18:57:20.881Z"}
{"level":"info","message":"The server running on port 3000","service":"api-gatway","timestamp":"2025-03-06T18:58:03.089Z"}
{"level":"info","message":"The server running on port 3000","service":"api-gatway","timestamp":"2025-03-06T18:59:37.131Z"}
{"level":"info","message":"The server running on port 3000","service":"api-gatway","timestamp":"2025-03-06T18:59:43.309Z"}
{"level":"info","message":"The server running on port 3000","service":"api-gatway","timestamp":"2025-03-06T19:00:41.102Z"}
{"level":"info","message":"The server running on port 3000","service":"api-gatway","timestamp":"2025-03-06T19:03:17.964Z"}
{"level":"info","message":"The server running on port 3000","service":"api-gatway","timestamp":"2025-03-06T19:03:20.279Z"}
{"level":"info","message":"The server running on port 3000","service":"api-gatway","timestamp":"2025-03-06T19:17:24.399Z"}
{"level":"info","message":"The server running on port 3000","service":"api-gatway","timestamp":"2025-03-06T19:19:53.517Z"}
{"level":"info","message":"The server running on port 3000","service":"api-gatway","timestamp":"2025-03-06T19:19:58.429Z"}
{"level":"info","message":"The server running on port 3000","service":"api-gatway","timestamp":"2025-03-06T19:20:02.036Z"}
{"level":"info","message":"The server running on port 3000","service":"api-gatway","timestamp":"2025-03-06T19:29:49.786Z"}
{"level":"info","message":"The server running on port 3000","service":"api-gatway","timestamp":"2025-03-06T20:35:20.278Z"}
{"level":"info","message":"The server running on port 3000","service":"api-gatway","timestamp":"2025-03-06T20:37:09.722Z"}
{"level":"info","message":"The server running on port 3000","service":"api-gatway","timestamp":"2025-03-06T20:37:16.353Z"}
{"level":"info","message":"The server running on port 3000","service":"api-gatway","timestamp":"2025-03-06T20:40:06.999Z"}
{"level":"info","message":"The server running on port 3000","service":"api-gatway","timestamp":"2025-03-06T20:40:10.462Z"}
{"level":"info","message":"The server running on port 3000","service":"api-gatway","timestamp":"2025-03-06T20:40:14.225Z"}
{"level":"info","message":" running on port 3000","service":"api-gatway","timestamp":"2025-03-06T20:40:48.516Z"}
{"level":"info","message":"API Gat running on port 3000","service":"api-gatway","timestamp":"2025-03-06T20:40:52.159Z"}
{"level":"info","message":"API Gateway is running on port 3000","service":"api-gatway","timestamp":"2025-03-06T20:40:58.646Z"}
{"level":"info","message":"API Gateway is running on port 3000","service":"api-gatway","timestamp":"2025-03-06T20:41:33.703Z"}
{"level":"info","message":"API Gateway is running on port 3000","service":"api-gatway","timestamp":"2025-03-06T20:41:33.707Z"}
{"level":"info","message":"API Gateway is running on port 3000","service":"api-gatway","timestamp":"2025-03-06T20:41:38.306Z"}
{"level":"info","message":" 3000","service":"api-gatway","timestamp":"2025-03-06T20:41:38.309Z"}
{"level":"info","message":"API Gateway is running on port 3000","service":"api-gatway","timestamp":"2025-03-06T20:41:46.601Z"}
{"level":"info","message":"Identity service is running on port 3000","service":"api-gatway","timestamp":"2025-03-06T20:41:46.605Z"}
{"level":"info","message":"API Gateway is running on port 3000","service":"api-gatway","timestamp":"2025-03-06T20:41:54.159Z"}
{"level":"info","message":"Identity service is running on port undefined","service":"api-gatway","timestamp":"2025-03-06T20:41:54.162Z"}
{"level":"info","message":"API Gateway is running on port 3000","service":"api-gatway","timestamp":"2025-03-06T20:41:58.155Z"}
{"level":"info","message":"Identity service is running on port http://localhost:3001","service":"api-gatway","timestamp":"2025-03-06T20:41:58.159Z"}
{"level":"info","message":"API Gateway is running on port 3000","service":"api-gatway","timestamp":"2025-03-06T20:42:30.008Z"}
{"level":"info","message":"Identity service is running on port http://localhost:3001","service":"api-gatway","timestamp":"2025-03-06T20:42:30.011Z"}
{"level":"info","message":"Identity service is running on port http://localhost:3001","service":"api-gatway","timestamp":"2025-03-06T20:42:30.011Z"}
{"level":"info","message":"API Gateway is running on port 3000","service":"api-gatway","timestamp":"2025-03-06T20:42:36.274Z"}
{"level":"info","message":"Identity service is running on port http://localhost:3001","service":"api-gatway","timestamp":"2025-03-06T20:42:36.278Z"}
{"level":"info","message":"Identity service is running on port redis://0.0.0.0:6379","service":"api-gatway","timestamp":"2025-03-06T20:42:36.278Z"}
{"level":"info","message":"API Gateway is running on port 3000","service":"api-gatway","timestamp":"2025-03-06T20:42:43.807Z"}
{"level":"info","message":"Identity service is running on port http://localhost:3001","service":"api-gatway","timestamp":"2025-03-06T20:42:43.811Z"}
{"level":"info","message":" redis://0.0.0.0:6379","service":"api-gatway","timestamp":"2025-03-06T20:42:43.812Z"}
{"level":"info","message":"API Gateway is running on port 3000","service":"api-gatway","timestamp":"2025-03-06T20:42:47.519Z"}
{"level":"info","message":"Identity service is running on port http://localhost:3001","service":"api-gatway","timestamp":"2025-03-06T20:42:47.522Z"}
{"level":"info","message":"Redis redis://0.0.0.0:6379","service":"api-gatway","timestamp":"2025-03-06T20:42:47.523Z"}
{"level":"info","message":"API Gateway is running on port 3000","service":"api-gatway","timestamp":"2025-03-06T20:42:50.215Z"}
{"level":"info","message":"Identity service is running on port http://localhost:3001","service":"api-gatway","timestamp":"2025-03-06T20:42:50.218Z"}
{"level":"info","message":"Redis URL redis://0.0.0.0:6379","service":"api-gatway","timestamp":"2025-03-06T20:42:50.219Z"}
{"level":"info","message":"API Gateway is running on port 3000","service":"api-gatway","timestamp":"2025-03-06T20:42:57.003Z"}
{"level":"info","message":"Identity service is running on port http://localhost:3001","service":"api-gatway","timestamp":"2025-03-06T20:42:57.008Z"}
{"level":"info","message":"Received POST request to /api/auth/register","service":"api-gatway","timestamp":"2025-03-06T20:44:13.361Z"}
{"level":"info","message":"Request body, [object Object]","service":"api-gatway","timestamp":"2025-03-06T20:44:13.362Z"}
{"level":"info","message":"API Gateway is running on port 3000","service":"api-gatway","timestamp":"2025-03-06T20:58:17.459Z"}
{"level":"info","message":"Identity service is running on port http://localhost:3001","service":"api-gatway","timestamp":"2025-03-06T20:58:17.462Z"}
{"level":"info","message":"Received POST request to /api/auth/register","service":"api-gatway","timestamp":"2025-03-06T20:58:54.333Z"}
{"level":"info","message":"Request body, [object Object]","service":"api-gatway","timestamp":"2025-03-06T20:58:54.334Z"}
{"level":"info","message":"Received POST request to /api/auth/register","service":"api-gatway","timestamp":"2025-03-06T20:59:01.386Z"}
{"level":"info","message":"Request body, [object Object]","service":"api-gatway","timestamp":"2025-03-06T20:59:01.421Z"}
{"level":"info","message":"Response received from Identity service: 404","service":"api-gatway","timestamp":"2025-03-06T20:59:18.630Z"}
{"level":"info","message":"Response received from Identity service: 404","service":"api-gatway","timestamp":"2025-03-06T22:03:45.038Z"}
{"level":"info","message":"Received POST request to /api/auth/register","service":"api-gatway","timestamp":"2025-03-06T22:03:54.380Z"}
{"level":"info","message":"Request body, [object Object]","service":"api-gatway","timestamp":"2025-03-06T22:03:54.381Z"}
{"level":"info","message":"Response received from Identity service: 404","service":"api-gatway","timestamp":"2025-03-06T22:03:58.841Z"}
{"level":"info","message":"Received POST request to /auth/register","service":"api-gatway","timestamp":"2025-03-06T22:04:06.477Z"}
{"level":"info","message":"Request body, [object Object]","service":"api-gatway","timestamp":"2025-03-06T22:04:06.477Z"}
{"level":"info","message":"API Gateway is running on port 3000","service":"api-gatway","timestamp":"2025-03-06T22:25:21.543Z"}
{"level":"info","message":"Identity service is running on port http://localhost:3001","service":"api-gatway","timestamp":"2025-03-06T22:25:21.548Z"}
{"level":"info","message":"API Gateway is running on port 3000","service":"api-gatway","timestamp":"2025-03-06T22:25:23.672Z"}
{"level":"info","message":"Identity service is running on port http://localhost:3001","service":"api-gatway","timestamp":"2025-03-06T22:25:23.677Z"}
{"level":"info","message":"Response received from Identity service: 400","service":"api-gatway","timestamp":"2025-03-06T22:25:26.279Z"}
